1(N08~b) not in ACN
1(N16) not in ACN
1(N17) not in ACN
1(N23) not in ACN
1(N24@f) not in ACN
1(N26)~v1 not in ACN
1(N27)~v1 not in ACN
1(N29~a)~v1 not in ACN
1(N30C~b) not in ACN
1(N30~a)~v1 not in ACN
1(N43) not in ACN
1(N44) not in ACN
1(N48@f) not in ACN
1(N55) not in ACN
1(N57) not in ACN
1(N58) not in ACN
1(N58@t) not in ACN
1(N63) not in ACN
10(N01) not in ACN
10(N14) not in ACN
10(N14@f) not in ACN
10(N57) not in ACN
10(N58) not in ACN
12(N14) not in ACN
12(N58) not in ACN
2(LAGAB~a) not in ACN
2(N08~b) not in ACN
2(N23) not in ACN
2(N24) not in ACN
2(N29A~b) not in ACN
2(N29~a) not in ACN
2(N57) not in ACN
2(N58) not in ACN
2(N59) not in ACN
3(N08~b) not in ACN
3(N23) not in ACN
3(N45@f) not in ACN
3(N46) not in ACN
3(N47) not in ACN
3(N53) not in ACN
3(N57) not in ACN
3(N58) not in ACN
3(N59) not in ACN
3(N61) not in ACN
4(LAGAB~a) not in ACN
4(N08~b) not in ACN
4(N08~c) not in ACN
4(N24) not in ACN
4(N43) not in ACN
4(N45@f) not in ACN
4(N57) not in ACN
4(N58) not in ACN
4(N59) not in ACN
4(N62) not in ACN
5(N14)~v1 not in ACN
5(N23) not in ACN
5(N45@f) not in ACN
5(N49) not in ACN
5(N57) not in ACN
5(N58) not in ACN
6(LAGAB~a) not in ACN
6(N14)~v1 not in ACN
6(N21) not in ACN
6(N24) not in ACN
6(N45@f) not in ACN
6(N48) not in ACN
6(N57) not in ACN
6(N57)~v1 not in ACN
7(N23) not in ACN
7(N45@f) not in ACN
7(N48) not in ACN
7(N57) not in ACN
8(N45@f) not in ACN
8(N57) not in ACN
8(N58) not in ACN
9(N01)~v1 not in ACN
9(N18)~v1 not in ACN
9(N19)~v1 not in ACN
9(N45@f) not in ACN
9(N57) not in ACN
9(N58) not in ACN
