U+12696
U+126C6
U+126D3
U+1270C
U+12710
U+12712
U+127BA
U+127E4
U+127E5
U+12804
U+1280C
U+12894
U+12897
U+128A8
U+128BF
U+128CE
U+128E7
U+128ED
U+12904
U+12917
U+12923
U+12966
U+1296D
U+12A06
U+12A3B
U+12AB6
U+12AB8
U+12B0E
U+12B53
U+12B54
U+12B66
U+12B91
U+12B92
U+12B93
U+12B96
U+12B97
U+12B98
U+12B99
U+12B9A
U+12BC5
U+12BE2
U+12BE3
U+12BE4
U+12BE5
U+12BE6
U+12BE7
U+12BE8
U+12BE9
U+12BEA
U+12BEB
U+12BEC
U+12BED
U+12BEE
U+12BEF
U+12BF0
U+12BF4
U+12BF6
U+12BF7
U+12BF8
U+12BFE
U+12C01
U+12D37
U+12DF1
U+12DF2
U+12DF4
U+12DF5
U+12DF6
U+12DF8
U+12DF9
U+12DFB
U+12DFC
U+12DFF
U+12E00
U+12E01
U+12E02
U+12E03
U+12E04
U+12E05
U+12E06
U+12E08
U+12E09
U+12E0A
U+12E0B
U+12E0C
U+12E10
U+F3002
U+F3003
U+F3004
U+F3005
U+F3029
U+F3081
U+F3089
