12550
12551
12552
12553
12554
12555
12556
12557
12558
12559
1255A
1255B
1255C
1255D
1255E
1255F
12560
12561
12562
12563
12564
12565
12566
12567
12568
12569
1256A
1256B
1256C
1256D
1256E
1256F
12570
12571
12572
12573
12574
12575
12576
12577
12579
1257A
1257B
1257D
1257E
12581
12582
12583
12584
12585
12586
12589
1258C
1258D
1259A
1259B
1259C
1259D
1259E
1259F
125A0
125A1
125A3
125A4
125A5
125A7
125A9
125AA
125AB
125AC
125AD
125AE
125AF
125B0
125B1
125B2
125B3
125B4
125B5
125B6
125B7
125B8
125B9
125BA
125BB
125BC
125BD
125BE
125BF
125C0
125C1
125C2
125C3
125C4
125C5
125C6
125C7
125C8
125C9
125CB
125CC
125CD
125D0
125D1
125DB
125DC
125DD
125DE
125DF
125E0
125E1
125E2
125E3
125E4
125E9
125EA
125EB
125EC
125ED
125EE
125EF
125F0
125F1
125F2
125F3
125F4
125F5
125F6
125F7
125F8
125F9
125FA
125FB
125FC
125FD
125FE
125FF
12600
12601
12602
12603
12604
12605
12606
12607
12608
12609
1260A
1260B
1260C
1260D
1260E
1260F
12610
12611
12612
12613
12614
12615
12616
12617
12618
12619
1261A
1261E
1261F
12620
12621
12622
12623
12624
12625
12627
12629
1262A
1262B
1262C
1262E
12631
12632
12633
12634
12635
12636
12637
12638
12639
1263A
1263B
1263C
1263D
1263E
1263F
12640
12641
12642
12643
12644
12645
12646
12647
12648
12649
1264A
1264B
1264C
1264D
12650
1265F
12665
12690
12692
12693
12694
12695
12697
12698
12699
1269A
1269D
1269F
126A1
126A3
126A7
126A8
126AB
126AD
126AE
126AF
126B0
126B1
126B2
126B3
126B5
126B6
126B7
126B8
126B9
126BA
126BB
126BD
126BE
126BF
126C0
126C1
126C2
126C4
126C5
126C7
126C8
126CB
126CC
126CE
126CF
126D0
126D1
126D2
126D4
126D5
126D6
126D8
126D9
126DA
126DC
126DD
126DE
126DF
126E0
126E1
126E2
126E3
126E4
126E6
126E8
126E9
126EA
126EC
126EE
126F1
126F2
126F3
126F4
126F5
126F6
126F7
126F8
126F9
126FA
126FB
126FC
126FD
126FE
12700
12702
12703
12704
12705
12706
12708
1270A
1270B
1270C
12714
12715
12716
12718
12719
1271A
1271B
1271C
1271D
1271E
1271F
12720
12722
12723
12724
12725
12726
12727
12728
12729
1272A
1272B
1272D
1272E
1272F
12730
12731
12733
12734
12737
12738
12739
1273A
1273B
1273C
1273D
1273E
1273F
12740
12741
12742
12743
12745
12748
12749
1274A
1274B
1274C
1274D
1274E
1274F
12750
12752
12753
12754
12755
12756
12757
12759
1275A
1275B
1275D
1275F
12760
12765
12766
12767
12768
12769
1276A
1276B
1276C
1276D
12770
12771
12772
12773
12777
12778
12779
1277A
1277B
1277C
1277D
1277F
12780
12781
12782
12783
12784
12785
12786
12787
12788
12789
1278A
1278B
1278C
1278D
1278E
1278F
12791
12792
12793
12794
12795
12796
12797
12798
12799
1279A
1279B
1279C
1279D
1279E
1279F
127A0
127A1
127A2
127A3
127A5
127A6
127A7
127A8
127A9
127AA
127AB
127AE
127B2
127B9
127BB
127BC
127BE
127C2
127C3
127C4
127C5
127C6
127C7
127C8
127CA
127CD
127CE
127D0
127D1
127D2
127D4
127D5
127D6
127DA
127DB
127DD
127E1
127E2
127E3
127E6
127E7
127E8
127EB
127EC
127ED
127EE
127EF
127F0
127F1
127F2
127F3
127F4
127F5
127F6
127F7
127F9
127FA
127FB
127FD
127FE
127FF
12800
12803
12804
12805
12806
12807
12808
12809
1280A
12811
12812
12813
12814
12815
12816
12817
12818
12819
1281A
1281B
1281C
1281D
1281E
12820
12821
12822
12823
12824
12827
12828
12829
1282A
1282B
1282E
1282F
12830
12831
12832
12833
12834
12836
12837
12838
1283A
1283B
1283C
1283D
1283E
1283F
12840
12841
12842
12843
12845
12846
12847
12848
12849
1284A
1284B
1284D
1284E
1284F
12850
12852
12854
12858
12859
1285A
1285B
1285C
1285E
1285F
12861
12862
12863
12866
12867
12868
12869
1286A
1286B
1286C
1286D
1286F
12870
12871
12874
12875
12877
12878
12879
1287A
1287B
1287C
1287E
1287F
12880
12883
12885
12886
12887
12888
12889
1288A
1288C
1288D
1288E
12890
12892
12893
12895
12898
1289A
1289C
1289D
1289E
1289F
128A1
128A2
128A3
128A4
128A5
128A6
128A7
128A9
128AA
128AB
128AC
128AD
128AE
128AF
128B0
128B1
128B2
128B4
128B5
128B6
128B7
128BA
128BC
128BD
128BE
128C0
128C2
128C4
128C5
128C6
128C7
128C8
128CB
128CC
128CD
128CF
128D0
128D1
128D2
128D3
128D4
128D5
128D8
128D9
128DA
128DB
128DC
128DE
128DF
128E0
128E1
128E2
128E3
128E4
128E5
128E6
128EA
128EC
128EE
128F0
128F1
128F2
128F3
128F4
128F5
128F6
128F7
128F9
128FA
128FB
128FC
128FD
128FE
128FF
12900
12902
12903
12905
12906
12907
12908
1290A
1290B
1290D
12913
12914
12915
12918
12919
1291B
1291C
1291E
1291F
12922
12924
12925
12926
12928
12929
1292A
1292B
1292C
1292D
1292E
1292F
12930
12931
12932
12934
12936
12939
1293A
1293B
1293C
1293D
1293E
1293F
12940
12941
12942
12943
12944
12945
12946
12947
12948
12949
1294A
1294B
1294D
1294E
12950
12951
12952
12953
12954
12955
12959
1295A
1295C
1295D
1295E
12960
12961
12962
12963
12964
12965
12968
1296A
1296C
1296F
12971
12974
12975
12976
12977
12978
12979
1297A
1297B
1297C
1297E
1297F
12980
12983
12985
12986
12987
12989
1298A
1298B
1298D
1298E
1298F
12990
12991
12992
12993
12994
12995
12996
12997
1299A
1299B
1299C
1299E
1299F
129A0
129A1
129A2
129A3
129A4
129A5
129A6
129A8
129A9
129AA
129AC
129AD
129AE
129B0
129B3
129B5
129B6
129BA
129BC
129BD
129BE
129BF
129C1
129C2
129C3
129C5
129C6
129C7
129C8
129C9
129CA
129CB
129CC
129CD
129CE
129CF
129D0
129D1
129D2
129D3
129D6
129D7
129D8
129D9
129DB
129DC
129DD
129DE
129DF
129E0
129E1
129E2
129E3
129E4
129E5
129E7
129E8
129EA
129EB
129EC
129ED
129EF
129F0
129F1
129F2
129F3
129F4
129F5
129F6
129F7
129F8
129F9
129FA
129FB
129FC
129FD
129FE
129FF
12A00
12A04
12A05
12A08
12A09
12A0A
12A0B
12A0C
12A0D
12A0F
12A11
12A12
12A13
12A16
12A17
12A18
12A19
12A1D
12A1F
12A20
12A21
12A22
12A23
12A24
12A25
12A26
12A27
12A29
12A2B
12A2C
12A2D
12A2E
12A2F
12A32
12A33
12A34
12A35
12A36
12A37
12A3A
12A3D
12A3E
12A3F
12A40
12A41
12A42
12A43
12A44
12A45
12A46
12A47
12A49
12A4A
12A4B
12A4C
12A4D
12A4E
12A50
12A51
12A52
12A53
12A54
12A55
12A56
12A57
12A58
12A5A
12A5B
12A5C
12A5D
12A61
12A62
12A63
12A64
12A65
12A66
12A68
12A69
12A6A
12A6B
12A6C
12A6D
12A6E
12A6F
12A70
12A71
12A72
12A74
12A75
12A76
12A77
12A78
12A79
12A7A
12A7B
12A7C
12A80
12A81
12A82
12A84
12A85
12A87
12A8B
12A8E
12A8F
12A90
12A91
12A92
12A93
12A95
12A96
12A97
12A98
12A9A
12A9B
12A9C
12A9D
12A9E
12AA0
12AA1
12AA2
12AA3
12AA6
12AA7
12AA9
12AAA
12AAB
12AAC
12AAD
12AB0
12AB4
12AB5
12AB9
12ABA
12ABD
12ABF
12AC0
12AC1
12AC2
12AC3
12AC4
12AC5
12AC6
12AC8
12AC9
12ACA
12ACB
12ACD
12ACF
12AD1
12AD2
12AD3
12AD6
12AD7
12AD9
12ADA
12ADB
12ADC
12ADD
12ADF
12AE0
12AE1
12AE2
12AE3
12AE5
12AE6
12AE7
12AE9
12AEA
12AEB
12AEC
12AEE
12AEF
12AF1
12AF2
12AF3
12AF4
12AF5
12AF6
12AF7
12AF8
12AF9
12AFA
12AFB
12AFC
12AFD
12AFE
12AFF
12B00
12B01
12B02
12B03
12B04
12B05
12B06
12B07
12B09
12B0A
12B0B
12B0C
12B0D
12B0F
12B11
12B13
12B14
12B15
12B16
12B17
12B18
12B1A
12B1B
12B1C
12B1E
12B1F
12B20
12B21
12B22
12B23
12B24
12B25
12B26
12B27
12B28
12B29
12B2B
12B2C
12B2E
12B2F
12B30
12B33
12B34
12B35
12B36
12B37
12B38
12B39
12B3A
12B3D
12B3E
12B3F
12B40
12B41
12B42
12B44
12B46
12B48
12B49
12B4A
12B4B
12B4C
12B4D
12B4E
12B4F
12B50
12B52
12B56
12B57
12B58
12B59
12B5A
12B5B
12B5E
12B5F
12B60
12B62
12B64
12B65
12B67
12B6A
12B6B
12B6C
12B6D
12B6F
12B70
12B72
12B75
12B76
12B78
12B7B
12B7C
12B7D
12B81
12B82
12B83
12B84
12B86
12B87
12B88
12B89
12B8A
12B8C
12B8D
12B8E
12B8F
12B90
12B9D
12B9E
12B9F
12BA0
12BA1
12BA2
12BA4
12BA6
12BA8
12BA9
12BAB
12BAC
12BAD
12BAE
12BAF
12BB0
12BB1
12BB2
12BB3
12BB4
12BB5
12BB7
12BB8
12BB9
12BBA
12BBB
12BBC
12BBD
12BBF
12BC0
12BC1
12BC2
12BC3
12BC4
12BC6
12BC8
12BC9
12BCB
12BCC
12BCD
12BCE
12BCF
12BD0
12BD1
12BD2
12BD3
12BD4
12BD8
12BDA
12BDB
12BDC
12BDD
12BE0
12BE1
12BF1
12BF3
12BF5
12BF9
12BFB
12BFD
12BFF
12C00
12C03
12C04
12C05
12C06
12C08
12C09
12C0A
12C0B
12C0C
12C0D
12C0E
12C0F
12C10
12C11
12C12
12C13
12C14
12C15
12C16
12C17
12C1B
12C1C
12C1D
12C1F
12C20
12C23
12C24
12C25
12C26
12C27
12C29
12C2A
12C2B
12C2C
12C2E
12C2F
12C30
12C31
12C33
12C34
12C35
12C36
12C37
12C38
12C39
12C3A
12C3B
12C3D
12C3E
12C3F
12C40
12C41
12C42
12C44
12C45
12C47
12C48
12C49
12C4A
12C4C
12C4D
12C4E
12C4F
12C50
12C51
12C52
12C54
12C55
12C56
12C58
12C59
12C5A
12C5B
12C5C
12C5D
12C5E
12C5F
12C61
12C62
12C63
12C64
12C66
12C67
12C68
12C69
12C6A
12C6D
12C6E
12C6F
12C70
12C71
12C72
12C73
12C76
12C77
12C78
12C7A
12C7B
12C7C
12C7D
12C7E
12C7F
12C80
12C83
12C84
12C85
12C86
12C87
12C88
12C8A
12C8B
12C8C
12C8D
12C8E
12C8F
12C90
12C91
12C93
12C95
12C96
12C97
12C98
12C99
12C9A
12C9B
12C9C
12C9D
12C9E
12C9F
12CA0
12CA1
12CA4
12CA5
12CA7
12CA9
12CAA
12CAB
12CAD
12CAF
12CB0
12CB2
12CB3
12CB4
12CB6
12CB8
12CB9
12CBB
12CBC
12CBE
12CBF
12CC0
12CC1
12CC2
12CC3
12CC4
12CC6
12CC7
12CC8
12CCA
12CCB
12CCD
12CCE
12CCF
12CD0
12CD1
12CD2
12CD3
12CD4
12CD5
12CD6
12CDA
12CDB
12CDC
12CDD
12CDE
12CDF
12CE5
12CE6
12CE7
12CE8
12CE9
12CEA
12CEB
12CEC
12CEE
12CEF
12CF1
12CF2
12CF3
12CF4
12CF5
12CF6
12CF7
12CF8
12CF9
12CFA
12CFB
12CFD
12CFE
12CFF
12D00
12D01
12D02
12D04
12D05
12D06
12D07
12D08
12D09
12D0A
12D0B
12D0C
12D0D
12D0E
12D0F
12D10
12D11
12D14
12D15
12D16
12D18
12D19
12D1A
12D1B
12D1C
12D20
12D23
12D24
12D25
12D26
12D27
12D28
12D29
12D2A
12D2B
12D2C
12D2D
12D2E
12D2F
12D31
12D33
12D34
12D35
12D36
12D38
12D39
12D3A
12D3B
12D3C
12D3D
12D3E
12D3F
12D40
12D41
12D42
12D44
12D45
12D46
12D47
12D48
12D49
12D4B
12D4C
12D4E
12D4F
12D50
12D53
12D54
12D55
12D56
12D57
12D58
12D59
12D5A
12D5C
12D5D
12D5E
12D5F
12D60
12D61
12D62
12D63
12D65
12D69
12D6A
12D6B
12D6C
12D6F
12D70
12D71
12D75
12D76
12D77
12D79
12D7A
12D7B
12D7C
12D7D
12D7F
12D81
12D82
12D83
12D84
12D86
12D87
12D8A
12D8B
12D8E
12D8F
12D90
12D91
12D92
12D93
12D94
12D95
12D96
12D97
12D98
12D9A
12D9B
12D9C
12D9D
12D9F
12DA2
12DA4
12DA5
12DA6
12DA7
12DA8
12DA9
12DAA
12DAB
12DAC
12DAE
12DAF
12DB0
12DB1
12DB2
12DB3
12DB4
12DB5
12DB6
12DB7
12DB8
12DBA
12DBB
12DBC
12DBD
12DBE
12DBF
12DC0
12DC1
12DC4
12DC5
12DD1
12DD2
12DD3
12DD4
12DD5
12DE2
12DE5
12DE6
12DE9
12DEB
12DED
12DEE
12DEF
12E0D
12E0F
F00DA
F00E0
F00E1
F00E9
F00EE
F00EF
F00F0
F00F1
F00F2
F00F3
F00F6
F00FB
F00FC
F00FD
F00FE
F00FF
F0100
F0102
F0106
F0107
F0108
F0109
F010A
F010B
F010D
F010E
F0110
F0111
F0112
F0113
F0114
F0115
F0116
F0117
F0118
F0119
F011A
F011B
F011C
F011D
F0120
F0121
F0122
F0123
F0124
F0125
F0126
F0127
F0128
F0129
F012A
F012D
F3006
F3007
F3008
F300C
F300F
F3010
F3011
F3013
F3017
F3018
F301A
F301B
F301C
F301E
F3025
F302B
F302C
F302D
F302F
F3030
F3031
F3032
F3033
F3034
F3035
F3036
F3039
F303A
F303B
F303C
F303D
F303E
F303F
F3040
F3041
F3042
F3043
F3045
F3046
F3047
F3048
F3049
F304A
F304B
F304C
F304E
F304F
F3051
F3052
F3054
F3059
F3064
F3068
F3069
F306A
F306B
F306C
F306E
F306F
F3070
F3072
F3073
F3074
F3079
F3080
F3081
F3090
F3092
