F2580
F2581
F2582
F2583
F2584
F2585
F2586
F2587
F2588
F2589
F258A
F258B
F258D
F258E
F258F
F2590
F2591
F2592
F2593
F2596
F2597
F2598
F2599
F259A
F259B
F259D
F259E
F259F
F25A1
F25A2
F25A4
F25A5
F25A7
F25A8
F25A9
F25AB
F25AC
F25AD
F25AE
F25B0
F25B1
F25B2
F25B3
F25B4
F25B6
F25B7
F25B8
F25B9
F25BA
F25BB
F25BC
F25BD
F25BE
F25BF
F25C0
F25C1
F25C2
F25C3
F25C4
F25C5
F25C6
F25C7
F25CA
F25CB
F25CC
F25CD
F25CE
F25CF
F25D0
F25D2
F25D3
F25D4
F25D5
F25D6
F25D7
F25D9
F25DD
F25E6
F25E7
F25E8
F25EA
F25EB
F25EC
F25ED
F25EE
F25EF
F25F0
F25F1
F25F2
F25F3
F25F9
F25FD
F25FE
F25FF
F2600
F2601
F2602
F2604
F2606
F2619
F261B
F261C
F261D
F261F
F2620
F2621
F2622
F2623
F2624
F2625
F2626
F2629
F262B
F262C
F262D
F262E
F262F
F2630
F2631
F2637
F2638
F2639
F263A
F263C
F2641
F2642
F2643
F2644
F2645
F2646
F2647
F264B
F264C
F264D
F264E
F264F
F2650
F2651
F2652
F2654
F2655
F2656
F2657
F2658
F2659
F265A
F265B
F265C
F265E
F2660
F2661
F2662
F2663
F2664
F2665
F2666
F2673
F2675
F2690
F2692
F26A8
F26BC
F26CC
F26CF
F26D3
