1(N01).jpg
1(N01@f).jpg
1(N02).jpg
1(N03).jpg
1(N04).jpg
1(N04@f).jpg
1(N05).jpg
1(N06).jpg
1(N07~a).jpg
1(N07~b).jpg
1(N08).jpg
1(N08@f).jpg
1(N08~b).jpg
1(N09).jpg
1(N11).jpg
1(N12).jpg
1(N14).jpg
1(N14@f).jpg
1(N15).jpg
1(N16).jpg
1(N17).jpg
1(N18).jpg
1(N19).jpg
1(N19@f).jpg
1(N20).jpg
1(N22).jpg
1(N22@f).jpg
1(N23).jpg
1(N24).jpg
1(N24@f).jpg
1(N24~a).jpg
1(N24~b).jpg
1(N25).jpg
1(N26).jpg
1(N26~b).jpg
1(N27).jpg
1(N28).jpg
1(N28~b).jpg
1(N28~c).jpg
1(N29A~b).jpg
1(N29A~c).jpg
1(N29~a).jpg
1(N29~b).jpg
1(N30A~c).jpg
1(N30C~b).jpg
1(N30C~c).jpg
1(N30~a).jpg
1(N30~c).jpg
1(N30~d).jpg
1(N30~e).jpg
1(N31).jpg
1(N32).jpg
1(N33).jpg
1(N34).jpg
1(N34@f).jpg
1(N35).jpg
1(N36).jpg
1(N36@f).jpg
1(N37).jpg
1(N38).jpg
1(N39~a).jpg
1(N39~b).jpg
1(N40).jpg
1(N41).jpg
1(N42~a).jpg
1(N42~b).jpg
1(N43).jpg
1(N44).jpg
1(N45).jpg
1(N45@f).jpg
1(N45~a).jpg
1(N46).jpg
1(N46@f).jpg
1(N47).jpg
1(N48).jpg
1(N48@f).jpg
1(N49).jpg
1(N50).jpg
1(N51).jpg
1(N51@f).jpg
1(N52).jpg
1(N54).jpg
1(N55).jpg
1(N56).jpg
1(N57).jpg
1(N58).jpg
1(N60).jpg
1(N63).jpg
10(N01).jpg
10(N14).jpg
10(N14@f).jpg
10(N57).jpg
10(N58).jpg
12(N14).jpg
12(N58).jpg
2(LAGAB~a).jpg
2(N01).jpg
2(N01@f).jpg
2(N02).jpg
2(N03).jpg
2(N04).jpg
2(N04@f).jpg
2(N05).jpg
2(N07~a).jpg
2(N07~b).jpg
2(N08).jpg
2(N08~b).jpg
2(N14).jpg
2(N14@f).jpg
2(N15).jpg
2(N18).jpg
2(N19).jpg
2(N19@f).jpg
2(N20).jpg
2(N21).jpg
2(N22).jpg
2(N22@f).jpg
2(N23).jpg
2(N24).jpg
2(N29A~b).jpg
2(N29~a).jpg
2(N34).jpg
2(N34@f).jpg
2(N35).jpg
2(N36).jpg
2(N37).jpg
2(N39~a).jpg
2(N39~b).jpg
2(N40).jpg
2(N41).jpg
2(N42~a).jpg
2(N42~b).jpg
2(N45).jpg
2(N45@f).jpg
2(N46).jpg
2(N46@f).jpg
2(N47).jpg
2(N48).jpg
2(N49).jpg
2(N50).jpg
2(N51).jpg
2(N51@f).jpg
2(N52).jpg
2(N54).jpg
2(N56).jpg
2(N57).jpg
2(N58).jpg
2(N59).jpg
3(N01).jpg
3(N01@f).jpg
3(N02).jpg
3(N03).jpg
3(N04).jpg
3(N04@f).jpg
3(N05).jpg
3(N07~a).jpg
3(N07~b).jpg
3(N08).jpg
3(N08~b).jpg
3(N14).jpg
3(N14@f).jpg
3(N15).jpg
3(N18).jpg
3(N19).jpg
3(N19@f).jpg
3(N20).jpg
3(N21).jpg
3(N23).jpg
3(N34).jpg
3(N34@f).jpg
3(N36).jpg
3(N39~a).jpg
3(N39~b).jpg
3(N40).jpg
3(N41).jpg
3(N42~a).jpg
3(N42~b).jpg
3(N45).jpg
3(N45@f).jpg
3(N46).jpg
3(N47).jpg
3(N48).jpg
3(N49).jpg
3(N50).jpg
3(N51).jpg
3(N51@f).jpg
3(N52).jpg
3(N53).jpg
3(N54).jpg
3(N57).jpg
3(N58).jpg
3(N59).jpg
3(N61).jpg
4(LAGAB~a).jpg
4(N01).jpg
4(N01@f).jpg
4(N02).jpg
4(N03).jpg
4(N04).jpg
4(N04@f).jpg
4(N05).jpg
4(N08).jpg
4(N08~b).jpg
4(N08~c).jpg
4(N14).jpg
4(N14@f).jpg
4(N15).jpg
4(N18).jpg
4(N19).jpg
4(N19@f).jpg
4(N20).jpg
4(N21).jpg
4(N24).jpg
4(N34).jpg
4(N34@f).jpg
4(N36).jpg
4(N39~a).jpg
4(N39~b).jpg
4(N40).jpg
4(N41).jpg
4(N42~a).jpg
4(N42~b).jpg
4(N43).jpg
4(N45).jpg
4(N45@f).jpg
4(N48).jpg
4(N49).jpg
4(N50).jpg
4(N51).jpg
4(N51@f).jpg
4(N52).jpg
4(N54).jpg
4(N57).jpg
4(N58).jpg
4(N59).jpg
4(N62).jpg
5(N01).jpg
5(N01@f).jpg
5(N02).jpg
5(N03).jpg
5(N04).jpg
5(N04@f).jpg
5(N05).jpg
5(N08).jpg
5(N14).jpg
5(N14@f).jpg
5(N15).jpg
5(N18).jpg
5(N19).jpg
5(N19@f).jpg
5(N20).jpg
5(N21).jpg
5(N23).jpg
5(N34).jpg
5(N34@f).jpg
5(N35).jpg
5(N36).jpg
5(N45).jpg
5(N45@f).jpg
5(N48).jpg
5(N49).jpg
5(N50).jpg
5(N51).jpg
5(N51@f).jpg
5(N52).jpg
5(N54).jpg
5(N57).jpg
5(N58).jpg
6(LAGAB~a).jpg
6(N01).jpg
6(N01@f).jpg
6(N02).jpg
6(N08).jpg
6(N14).jpg
6(N14@f).jpg
6(N18).jpg
6(N19).jpg
6(N19@f).jpg
6(N20).jpg
6(N21).jpg
6(N24).jpg
6(N34).jpg
6(N34@f).jpg
6(N36).jpg
6(N45).jpg
6(N45@f).jpg
6(N48).jpg
6(N51).jpg
6(N51@f).jpg
6(N57).jpg
7(N01).jpg
7(N01@f).jpg
7(N02).jpg
7(N08).jpg
7(N14).jpg
7(N14@f).jpg
7(N18).jpg
7(N19).jpg
7(N19@f).jpg
7(N20).jpg
7(N23).jpg
7(N34).jpg
7(N34@f).jpg
7(N36).jpg
7(N45).jpg
7(N45@f).jpg
7(N48).jpg
7(N51).jpg
7(N51@f).jpg
7(N57).jpg
8(N01).jpg
8(N01@f).jpg
8(N02).jpg
8(N08).jpg
8(N14).jpg
8(N14@f).jpg
8(N18).jpg
8(N19).jpg
8(N19@f).jpg
8(N20).jpg
8(N34).jpg
8(N34@f).jpg
8(N36).jpg
8(N45@f).jpg
8(N51).jpg
8(N51@f).jpg
8(N57).jpg
8(N58).jpg
9(N01).jpg
9(N01@f).jpg
9(N02).jpg
9(N08).jpg
9(N14).jpg
9(N14@f).jpg
9(N18).jpg
9(N19).jpg
9(N19@f).jpg
9(N20).jpg
9(N34).jpg
9(N34@f).jpg
9(N36).jpg
9(N45).jpg
9(N45@f).jpg
9(N51@f).jpg
9(N57).jpg
9(N58).jpg
A.jpg
A2.jpg
A@g.jpg
A@t.jpg
AB2.jpg
ABGAL.jpg
ABRIG.jpg
ABZU.jpg
AB~a.jpg
AB~a@g.jpg
AB~b.jpg
ADAB.jpg
ADDA.jpg
ADDA@t.jpg
AD~a.jpg
AD~b.jpg
AD~c.jpg
AGAR2.jpg
AK~a.jpg
AK~b.jpg
AL.jpg
ALAN~a.jpg
ALAN~b.jpg
ALAN~c.jpg
ALAN~d.jpg
ALAN~e.jpg
ALAN~f.jpg
ALIM.jpg
AMAR.jpg
AMA~a.jpg
AMA~b.jpg
AM~a.jpg
AM~b.jpg
AN.jpg
ANSZE~a.jpg
ANSZE~b.jpg
ANSZE~c.jpg
ANSZE~e.jpg
ANZU2.jpg
APIN~a.jpg
APIN~b.jpg
APIN~c.jpg
ARARMA2~a.jpg
ARARMA2~b.jpg
ARATTA.jpg
ASAL2.jpg
ASAR.jpg
ASZ2.jpg
AZ.jpg
AZU.jpg
BA.jpg
BAD.jpg
BAD3~a.jpg
BAD3~b1.jpg
BAD3~b2.jpg
BAHAR2~a.jpg
BAHAR2~b.jpg
BAHAR2~c.jpg
BALAG.jpg
BALA~a.jpg
BALA~b.jpg
BANSZUR~a.jpg
BANSZUR~a@t.jpg
BANSZUR~b1.jpg
BANSZUR~b2.jpg
BANSZUR~c.jpg
BAN~a.jpg
BAN~b.jpg
BAPPIR~a.jpg
BAPPIR~b.jpg
BAPPIR~c.jpg
BAPPIR~d.jpg
BAPPIR~e.jpg
BAPPIR~f.jpg
BAR.jpg
BARA2~a.jpg
BARA2~b.jpg
BARA3.jpg
BIR3~a.jpg
BIR3~b.jpg
BIR3~c.jpg
BIR~a.jpg
BIR~b.jpg
BIR~c.jpg
BU3.jpg
BULUG.jpg
BULUG3.jpg
BUR2.jpg
BUR~a.jpg
BUR~b.jpg
BUR~c.jpg
BUR~d.jpg
BU~a.jpg
BU~b.jpg
DAG.jpg
DAH.jpg
DAM.jpg
DANNA.jpg
DARA3~a.jpg
DARA3~b.jpg
DARA3~c.jpg
DARA3~d.jpg
DARA4~a1.jpg
DARA4~a2.jpg
DARA4~a3.jpg
DARA4~b.jpg
DARA4~c1.jpg
DARA4~c2.jpg
DARA4~c3.jpg
DARA4~c4.jpg
DARA4~c5.jpg
DAR~a.jpg
DAR~b.jpg
DAR~c.jpg
DAR~d.jpg
DA~a.jpg
DA~b.jpg
DA~c.jpg
DA~d.jpg
DI.jpg
DI@t.jpg
DIB.jpg
DILMUN.jpg
DIM~a.jpg
DIM~b.jpg
DIM~c.jpg
DIN.jpg
DIN@t.jpg
DU6~a.jpg
DU6~b.jpg
DU6~c.jpg
DU7.jpg
DU8~a.jpg
DU8~b.jpg
DU8~c.jpg
DU8~c@g.jpg
DU@g.jpg
DUB2.jpg
DUB~a.jpg
DUB~b.jpg
DUB~c.jpg
DUB~d.jpg
DUB~e.jpg
DUB~f.jpg
DUGUD.jpg
DUG~b.jpg
DUG~c.jpg
DUG~c@t.jpg
DUG~d.jpg
DUR2.jpg
DUR~a.jpg
DUR~b.jpg
E2~a.jpg
E2~b.jpg
E2~c.jpg
E2~d.jpg
E3~a.jpg
E3~b.jpg
EDIN.jpg
EN2.jpg
EN@g~a.jpg
EN@g~b.jpg
ENDIB.jpg
ENGIZ.jpg
ENKUM.jpg
ENLIL.jpg
ENSI.jpg
ENSI2.jpg
EN~a.jpg
EN~b.jpg
EN~b@t.jpg
EN~c.jpg
EN~e.jpg
ERIM2.jpg
ERIM~a.jpg
ERIM~b1.jpg
ERIM~b2.jpg
ERIN.jpg
ESZDA.jpg
ESZGAR.jpg
EZEN~a.jpg
EZEN~b.jpg
EZEN~c.jpg
EZINU~a.jpg
EZINU~b.jpg
EZINU~c.jpg
EZINU~d.jpg
E~a.jpg
E~b.jpg
E~c.jpg
E~d.jpg
E~e.jpg
GA'AR~a1.jpg
GA'AR~a2.jpg
GA'AR~b1.jpg
GA'AR~b2.jpg
GA2~a1.jpg
GA2~a2.jpg
GA2~a3.jpg
GA2~a4.jpg
GA2~b.jpg
GA2~c.jpg
GADA~a.jpg
GADA~b.jpg
GADA~b@g.jpg
GALGA~a.jpg
GALGA~b.jpg
GAL~a.jpg
GAL~b.jpg
GAN2.jpg
GAN~a.jpg
GAN~b.jpg
GAN~c.jpg
GAN~d.jpg
GAR.jpg
GAR3.jpg
GAR@g~a.jpg
GAR@g~b.jpg
GAR@g~c.jpg
GARA2~a.jpg
GARA2~b.jpg
GAZI.jpg
GA~a.jpg
GA~b.jpg
GA~c.jpg
GESZTIN~a.jpg
GESZTIN~c.jpg
GESZTU~a.jpg
GESZTU~b.jpg
GESZTU~c3.jpg
GESZTU~c5.jpg
GI.jpg
GI4~a.jpg
GI4~b.jpg
GI6.jpg
GI@t.jpg
GIBIL.jpg
GIBIL6.jpg
GIBIL@t.jpg
GIG.jpg
GIL.jpg
GIR2~a.jpg
GIR2~b.jpg
GIR3@g~a.jpg
GIR3@g~b.jpg
GIR3@g~c.jpg
GIR3~a.jpg
GIR3~b.jpg
GIR3~c.jpg
GIR4.jpg
GIR~a.jpg
GIR~b.jpg
GIR~c.jpg
GIR~d.jpg
GISAL~a.jpg
GISAL~b.jpg
GISZ.jpg
GISZ3~a.jpg
GISZ3~b.jpg
GISZ@t.jpg
GISZGAL.jpg
GISZIMMAR~a1.jpg
GISZIMMAR~a2.jpg
GISZIMMAR~a3.jpg
GISZIMMAR~b1.jpg
GISZIMMAR~b3.jpg
GISZ~x.jpg
GIZZAL~x.jpg
GU.jpg
GU2.jpg
GU4.jpg
GU4@g.jpg
GU7.jpg
GUB3~a.jpg
GUB3~b.jpg
GUB3~c.jpg
GUB3~d.jpg
GUG2.jpg
GUG2@t.jpg
GUKKAL~a.jpg
GUKKAL~b.jpg
GUKKAL~c.jpg
GUKKAL~d.jpg
GUL.jpg
GUM~a.jpg
GUM~b.jpg
GUM~b@n.jpg
GUN3~a.jpg
GUN3~b.jpg
GUR.jpg
GURUSZDA.jpg
GURUSZ~a.jpg
GURUSZ~b.jpg
HAL.jpg
HALUB.jpg
HASZHUR.jpg
HI.jpg
HI@g~a.jpg
HI@g~b.jpg
HI@g~c.jpg
HUB2.jpg
I.jpg
IB~a.jpg
IB~b.jpg
IDIGNA.jpg
IGI.jpg
IG~a.jpg
IG~b.jpg
IL.jpg
ILDUM~a.jpg
ILDUM~b.jpg
IM~a.jpg
IM~a@g.jpg
IM~b.jpg
IN~b.jpg
IN~d.jpg
IR11.jpg
IRHAN.jpg
IR~a.jpg
IR~b.jpg
IR~c.jpg
IR~d.jpg
ISZ~a.jpg
ISZ~b.jpg
ISZ~c.jpg
KA2~a.jpg
KA2~b.jpg
KA2~c.jpg
KA2~d.jpg
KAB.jpg
KAD4~a.jpg
KAD4~b.jpg
KAD4~c1.jpg
KAD4~c2.jpg
KAK~a.jpg
KAK~b.jpg
KALAM~a.jpg
KALAM~b.jpg
KALAM~c.jpg
KALAM~d.jpg
KALAM~e.jpg
KALAM~f.jpg
KAL~a.jpg
KAL~b1.jpg
KAL~b2.jpg
KAR.jpg
KAR2~a.jpg
KAR2~b.jpg
KASKAL.jpg
KASZ~a.jpg
KASZ~b.jpg
KASZ~c.jpg
KASZ~d.jpg
KA~a.jpg
KESZ2.jpg
KI.jpg
KI@n.jpg
KIB.jpg
KIB@g.jpg
KID~a.jpg
KID~b.jpg
KID~c.jpg
KID~d.jpg
KID~e.jpg
KIN.jpg
KIN2~a.jpg
KIN2~c.jpg
KIN2~d.jpg
KIN2~e.jpg
KINGAL.jpg
KIR11.jpg
KISAL~a1.jpg
KISAL~a2.jpg
KISAL~b1.jpg
KISAL~b2.jpg
KISAL~b3.jpg
KISIM~a.jpg
KISIM~b.jpg
KISIM~c.jpg
KISZ.jpg
KISZIK~a.jpg
KISZIK~b.jpg
KITI.jpg
KU3~a.jpg
KU3~c.jpg
KU6~a.jpg
KU6~a@s.jpg
KU6~c.jpg
KU6~d.jpg
KUN.jpg
KUR~a.jpg
KUR~b.jpg
KUR~c.jpg
KUR~d.jpg
KUSZU2~a.jpg
KUSZU2~b.jpg
KUSZU2~c.jpg
KUSZU2~d.jpg
KUSZU2~e.jpg
KUSZU2~f.jpg
KU~a.jpg
KU~a@t.jpg
KU~b1.jpg
KU~b2.jpg
LA2.jpg
LAGAB~a.jpg
LAGAB~b.jpg
LAGAR~a.jpg
LAGAR~a@r.jpg
LAGAR~b1.jpg
LAGAR~b2.jpg
LAGAR~c.jpg
LAHTAN2.jpg
LAK025.jpg
LAK050.jpg
LAK172.jpg
LAK251.jpg
LAK350.jpg
LAK777.jpg
LAL2~a.jpg
LAL2~b.jpg
LAL3~a.jpg
LAL3~b.jpg
LAL3~c.jpg
LAM~a.jpg
LAM~b.jpg
LAM~b@r.jpg
LAM~b@s.jpg
LAM~c.jpg
LA~b.jpg
LA~c.jpg
LA~d.jpg
LA~e.jpg
LI.jpg
LISZ.jpg
LU2.jpg
LU2@t.jpg
LUGAL.jpg
LUM.jpg
MA.jpg
MA2.jpg
MAGUR~a.jpg
MAGUR~b.jpg
MAH~a.jpg
MAH~b.jpg
MAR~a.jpg
MAR~a@t.jpg
MAR~b.jpg
MASZ.jpg
MASZ2.jpg
MASZ2@g.jpg
ME3.jpg
MEN~a.jpg
MEN~b.jpg
MES.jpg
ME~a.jpg
ME~b.jpg
MIR~a.jpg
MIR~b.jpg
MU.jpg
MUD.jpg
MUD3~a.jpg
MUD3~a@g.jpg
MUD3~b.jpg
MUD3~c.jpg
MUD3~d.jpg
MUL.jpg
MUNSZUB~a.jpg
MUNSZUB~b.jpg
MUNU3.jpg
MUN~a1.jpg
MUN~a2.jpg
MUN~a3.jpg
MUN~a4.jpg
MUN~b.jpg
MURUB2.jpg
MUSZ.jpg
MUSZ3~a.jpg
MUSZ3~a@g.jpg
MUSZ3~b.jpg
MUSZEN.jpg
NA2~a.jpg
NA2~b1.jpg
NA2~b2.jpg
NAB.jpg
NAGAR~a.jpg
NAGAR~b.jpg
NAGA~a.jpg
NAGA~b.jpg
NAM2.jpg
NAM2@g.jpg
NAM2@t.jpg
NAMESZDA.jpg
NAM~a.jpg
NAM~b.jpg
NAM~c.jpg
NAM~d.jpg
NANNA~a.jpg
NANNA~b.jpg
NANSZE~a.jpg
NANSZE~b.jpg
NAR.jpg
NA~a.jpg
NA~b.jpg
NA~c.jpg
NA~d.jpg
NERGAL~x.jpg
NESAG2~a.jpg
NESAG2~b.jpg
NESAG2~b@t.jpg
NE~a.jpg
NE~b.jpg
NE~c.jpg
NE~d.jpg
NI2.jpg
NIGIN.jpg
NIMGIR.jpg
NIM~a.jpg
NIM~b1.jpg
NIM~b2.jpg
NIM~b3.jpg
NIN.jpg
NINDA2.jpg
NINKUM.jpg
NINLIL.jpg
NIR~a.jpg
NIR~b.jpg
NI~a.jpg
NI~a@g.jpg
NI~b.jpg
NU.jpg
NU11.jpg
NU@g.jpg
NUMUN.jpg
NUMUN2.jpg
NUNUZ~a0.jpg
NUNUZ~a1.jpg
NUNUZ~a2.jpg
NUNUZ~b1.jpg
NUNUZ~b2.jpg
NUNUZ~c.jpg
NUN~a.jpg
NUN~b.jpg
NUN~c.jpg
NUN~d.jpg
PA3.jpg
PAD~a.jpg
PAD~b.jpg
PAP~a.jpg
PAP~a@t.jpg
PAP~b.jpg
PA~a.jpg
PA~b.jpg
PIRIG~a1.jpg
PIRIG~a2.jpg
PIRIG~a3.jpg
PIRIG~b1.jpg
PIRIG~b2.jpg
PU2.jpg
RA.jpg
RAD~a.jpg
RAD~a@g.jpg
RAD~b.jpg
RI.jpg
RI8~a.jpg
RI8~b.jpg
RI~x.jpg
RU.jpg
SAG.jpg
SAG@g.jpg
SAG@n.jpg
SAGSZU.jpg
SAL.jpg
SANGA~a.jpg
SANGA~b.jpg
SANGA~c.jpg
SAR~a.jpg
SAR~b.jpg
SAR~c.jpg
SA~a.jpg
SA~c.jpg
SI.jpg
SI4~a.jpg
SI4~b.jpg
SI4~c.jpg
SI4~d.jpg
SI4~f.jpg
SIG.jpg
SIG2~a1.jpg
SIG2~a2.jpg
SIG2~a3.jpg
SIG2~a4.jpg
SIG2~b.jpg
SIG2~c1.jpg
SIG2~c2.jpg
SIG2~d1.jpg
SIG2~d2.jpg
SIG2~d3.jpg
SIG2~d4.jpg
SIG2~e.jpg
SIG4.jpg
SIG7.jpg
SIKIL.jpg
SILA3~a.jpg
SILA3~b.jpg
SILA3~c.jpg
SILA4~a.jpg
SILA4~b.jpg
SILA4~c.jpg
SILA4~d.jpg
SILANITA.jpg
SIMUG.jpg
SIPA.jpg
SU3.jpg
SUG.jpg
SUG5.jpg
SUH3.jpg
SUHUR.jpg
SUHUR@g.jpg
SUKKAL.jpg
SUKUD.jpg
SUKUD@g~a.jpg
SUKUD@g~b.jpg
SUKUD@g~c.jpg
SUMASZ.jpg
SUM~a.jpg
SUM~b.jpg
SUR.jpg
SUSA.jpg
SU~a.jpg
SU~b.jpg
SZA.jpg
SZA3~a1.jpg
SZA3~a2.jpg
SZA3~b.jpg
SZA3~c.jpg
SZA3~d.jpg
SZA@g.jpg
SZAB~a.jpg
SZAB~b.jpg
SZAGAN.jpg
SZAGINA.jpg
SZAH2~a.jpg
SZAH2~b.jpg
SZAH2~c.jpg
SZAKIR~a.jpg
SZAKIR~b.jpg
SZAKIR~c.jpg
SZAM2.jpg
SZANDANA~a.jpg
SZANDANA~b.jpg
SZE3.jpg
SZE3@t.jpg
SZEG9.jpg
SZELU.jpg
SZENNUR~a.jpg
SZENNUR~b.jpg
SZEN~a.jpg
SZEN~b.jpg
SZEN~c.jpg
SZEN~c@t.jpg
SZEN~d.jpg
SZEN~e.jpg
SZESZ~a.jpg
SZESZ~b.jpg
SZE~a@t.jpg
SZE~b.jpg
SZE~c.jpg
SZIDIM.jpg
SZIDIM@t.jpg
SZIM~a.jpg
SZIM~b.jpg
SZIR~a.jpg
SZIR~b.jpg
SZITA@g~a.jpg
SZITA@g~b.jpg
SZITA~a1.jpg
SZITA~a2.jpg
SZITA~a3.jpg
SZITA~b1.jpg
SZITA~b2.jpg
SZITA~b3.jpg
SZITA~c.jpg
SZU.jpg
SZU12.jpg
SZU2.jpg
SZU@g.jpg
SZU@s.jpg
SZUBUR.jpg
SZUM.jpg
SZUR2~a.jpg
SZUR2~b.jpg
SZURUPPAK~a.jpg
SZURUPPAK~b.jpg
SZURUPPAK~c.jpg
TAG~a1.jpg
TAG~a1@t.jpg
TAG~a2.jpg
TAG~a3.jpg
TAG~a4.jpg
TAG~b.jpg
TAG~c.jpg
TAG~d.jpg
TAK4~a.jpg
TAK4~a@n.jpg
TAK4~c.jpg
TAR~a.jpg
TAR~d.jpg
TA~a.jpg
TA~b.jpg
TA~c.jpg
TA~d.jpg
TA~e.jpg
TA~f.jpg
TE.jpg
TI.jpg
TI@g.jpg
TI@r.jpg
TI@t.jpg
TIDNUM.jpg
TILLA2.jpg
TUG2~a.jpg
TUG2~a@g.jpg
TUG2~b.jpg
TUG2~c.jpg
TUG2~d.jpg
TUM~a.jpg
TUM~a@g.jpg
TUM~b.jpg
TUM~c.jpg
TUM~d.jpg
TUN3~a.jpg
TUN3~b.jpg
TUN3~c.jpg
TUR.jpg
TUR3~a.jpg
TUR3~b.jpg
TUR3~c.jpg
TUR@g.jpg
TU~a.jpg
TU~b.jpg
TU~c.jpg
U2~a.jpg
U2~b.jpg
U2~c.jpg
U4.jpg
U4@t.jpg
U8.jpg
UB.jpg
UBI~a.jpg
UBI~c.jpg
UD5~a.jpg
UD5~a@g.jpg
UD5~b.jpg
UD5~c.jpg
UDUNITA~a.jpg
UDUNITA~b.jpg
UDUNITA~c.jpg
UDU~a.jpg
UDU~b.jpg
UDU~c.jpg
UH.jpg
UH3~a.jpg
UH3~a@t.jpg
UH3~b.jpg
UKKIN~a.jpg
UKKIN~b.jpg
UKKIN~c.jpg
UMBIN~a.jpg
UMBIN~b1.jpg
UMBIN~b2.jpg
UMBIN~c.jpg
UMUN2.jpg
UNUG~a.jpg
UNUG~a@s.jpg
UNUG~b.jpg
UNUG~c.jpg
UR2.jpg
UR3~a1.jpg
UR3~a2.jpg
UR3~a3.jpg
UR3~b1.jpg
UR3~b2.jpg
UR4~a.jpg
UR4~b.jpg
UR4~c.jpg
UR5~a.jpg
UR5~b.jpg
URI.jpg
URI2.jpg
URI3~a.jpg
URI3~b.jpg
URI5.jpg
URUDU@g~a.jpg
URUDU@g~b.jpg
URUDU@g~c.jpg
URUDU@g~d.jpg
URUDU~a.jpg
URUDU~c.jpg
URUDU~d.jpg
URU~a1.jpg
URU~a2.jpg
URU~b1.jpg
URU~b2.jpg
URU~c.jpg
UR~a.jpg
UR~a@g.jpg
UR~b.jpg
UR~c.jpg
USZUMGAL.jpg
USZUR3~a.jpg
USZUR3~b1.jpg
USZUR3~b2.jpg
USZ~a.jpg
USZ~b.jpg
UTUA~a.jpg
UTUA~a@t.jpg
UTUA~b.jpg
UTUL~a.jpg
UTUL~b.jpg
UTUL~c.jpg
UTUL~d.jpg
UZU.jpg
ZABALAM~a.jpg
ZABALAM~b.jpg
ZADIM.jpg
ZAG~a.jpg
ZAG~b.jpg
ZAG~c.jpg
ZAR~a.jpg
ZAR~b1.jpg
ZAR~b2.jpg
ZAR~c.jpg
ZATU620.jpg
ZATU621~a.jpg
ZATU621~b.jpg
ZATU621~c.jpg
ZATU621~d.jpg
ZATU622.jpg
ZATU623.jpg
ZATU624~a.jpg
ZATU624~b.jpg
ZATU624~c.jpg
ZATU625.jpg
ZATU626~a.jpg
ZATU626~b.jpg
ZATU626~c.jpg
ZATU627.jpg
ZATU628~a.jpg
ZATU628~b.jpg
ZATU629.jpg
ZATU630.jpg
ZATU631.jpg
ZATU632~a.jpg
ZATU632~b.jpg
ZATU632~c.jpg
ZATU633~a.jpg
ZATU633~b.jpg
ZATU634.jpg
ZATU635.jpg
ZATU636.jpg
ZATU637.jpg
ZATU639.jpg
ZATU640.jpg
ZATU641.jpg
ZATU642.jpg
ZATU643.jpg
ZATU644~a.jpg
ZATU644~b.jpg
ZATU646.jpg
ZATU647.jpg
ZATU648.jpg
ZATU649.jpg
ZATU650.jpg
ZATU651.jpg
ZATU651@g.jpg
ZATU659.jpg
ZATU662.jpg
ZATU664.jpg
ZATU665.jpg
ZATU666.jpg
ZATU667.jpg
ZATU668.jpg
ZATU669.jpg
ZATU670.jpg
ZATU672.jpg
ZATU674.jpg
ZATU675~a.jpg
ZATU675~b.jpg
ZATU675~c.jpg
ZATU675~d.jpg
ZATU676~a.jpg
ZATU676~b.jpg
ZATU677~a.jpg
ZATU677~b.jpg
ZATU678.jpg
ZATU679.jpg
ZATU680~a1.jpg
ZATU680~a2.jpg
ZATU680~b.jpg
ZATU680~d.jpg
ZATU680~e.jpg
ZATU681.jpg
ZATU682.jpg
ZATU683~a.jpg
ZATU683~b.jpg
ZATU684.jpg
ZATU685.jpg
ZATU686~a.jpg
ZATU686~b.jpg
ZATU686~c.jpg
ZATU687.jpg
ZATU688~a.jpg
ZATU688~b.jpg
ZATU689.jpg
ZATU690.jpg
ZATU691.jpg
ZATU692.jpg
ZATU693.jpg
ZATU693@t.jpg
ZATU694~a.jpg
ZATU694~b.jpg
ZATU694~c.jpg
ZATU694~d.jpg
ZATU694~d@t.jpg
ZATU695.jpg
ZATU696.jpg
ZATU697~a.jpg
ZATU697~b.jpg
ZATU697~c.jpg
ZATU699~a.jpg
ZATU699~b.jpg
ZATU700.jpg
ZATU701.jpg
ZATU702.jpg
ZATU703.jpg
ZATU704.jpg
ZATU705.jpg
ZATU706.jpg
ZATU707~a.jpg
ZATU707~b.jpg
ZATU708.jpg
ZATU709.jpg
ZATU710.jpg
ZATU711.jpg
ZATU713.jpg
ZATU714.jpg
ZATU717.jpg
ZATU718.jpg
ZATU719.jpg
ZATU720.jpg
ZATU721.jpg
ZATU722.jpg
ZATU723.jpg
ZATU724.jpg
ZATU725.jpg
ZATU726~a.jpg
ZATU726~c.jpg
ZATU726~d.jpg
ZATU727.jpg
ZATU728.jpg
ZATU729.jpg
ZATU730.jpg
ZATU732.jpg
ZATU733.jpg
ZATU734.jpg
ZATU735~a.jpg
ZATU735~b.jpg
ZATU735~c.jpg
ZATU736~a.jpg
ZATU736~b.jpg
ZATU737.jpg
ZATU749~a.jpg
ZATU749~b.jpg
ZATU749~c.jpg
ZATU750.jpg
ZATU751~a.jpg
ZATU751~b.jpg
ZATU752.jpg
ZATU753.jpg
ZATU754.jpg
ZATU755~a.jpg
ZATU755~b.jpg
ZATU756.jpg
ZATU757.jpg
ZATU758.jpg
ZATU759.jpg
ZATU761.jpg
ZATU762~a.jpg
ZATU762~b.jpg
ZATU764.jpg
ZATU765.jpg
ZATU766.jpg
ZATU767.jpg
ZATU768.jpg
ZATU769.jpg
ZATU771.jpg
ZATU772.jpg
ZATU773~a.jpg
ZATU773~b.jpg
ZATU774.jpg
ZATU775.jpg
ZATU776.jpg
ZATU777.jpg
ZATU778.jpg
ZATU779.jpg
ZATU780.jpg
ZATU781.jpg
ZATU782.jpg
ZATU783.jpg
ZATU784.jpg
ZATU785.jpg
ZATU786.jpg
ZATU787.jpg
ZATU788.jpg
ZATU789.jpg
ZATU791.jpg
ZATU792.jpg
ZATU795.jpg
ZATU797.jpg
ZATU798.jpg
ZATU799.jpg
ZATU800.jpg
ZATU801.jpg
ZATU802.jpg
ZATU803.jpg
ZATU804.jpg
ZATU805.jpg
ZATU806.jpg
ZATU807.jpg
ZATU808.jpg
ZATU809.jpg
ZATU810.jpg
ZATU811.jpg
ZATU812.jpg
ZATU813.jpg
ZATU814.jpg
ZATU815.jpg
ZATU817.jpg
ZATU818.jpg
ZATU819.jpg
ZATU820.jpg
ZATU821.jpg
ZATU822.jpg
ZATU823.jpg
ZATU824.jpg
ZATU825.jpg
ZATU826.jpg
ZATU829.jpg
ZATU831.jpg
ZATU832.jpg
ZATU833.jpg
ZATU834.jpg
ZATU835.jpg
ZATU836.jpg
ZATU837~a.jpg
ZATU837~b.jpg
ZATU838.jpg
ZATU839.jpg
ZATU840.jpg
ZATU841.jpg
ZATU842.jpg
ZATU843.jpg
ZATU844.jpg
ZATU845.jpg
ZATU846.jpg
ZATU847.jpg
ZATU848.jpg
ZATU849.jpg
ZATU850.jpg
ZATU851.jpg
ZATU852.jpg
ZATU853.jpg
ZATU854.jpg
ZATU855.jpg
ZA~x.jpg
ZI~a.jpg
ZI~b.jpg
ZI~d.jpg
ZUBI~a.jpg
ZUBI~b.jpg
|(BU~a&BU~a).NA2~a@n|.jpg
|(BU~a&BU~a).NA2~a|.jpg
|(BU~a&BU~a).NA2~b|.jpg
|(BU~a&BU~a).X|.jpg
|(DUBxDISZ)~a|.jpg
|(DUBxDISZ)~b|.jpg
|(DUBxDISZ)~c|.jpg
|(DUG~b&DUG~b)x1(N58)|.jpg
|(DUG~bxDIN)@r|.jpg
|(GI&GI)xGISZ@t|.jpg
|(GI&GI)xX|.jpg
|(GI+&GI)xSZE3|.jpg
|(GISZx(DIN.DIN))~a|.jpg
|(GISZx(DIN.DIN))~b|.jpg
|(GISZx(DIN.DIN))~c|.jpg
|(HIx1(N57))&(HI+1(N57))|.jpg
|(SUKUD+SUKUD)~a|.jpg
|(SUKUD+SUKUD)~b|.jpg
|(SUKUD+SUKUD)~c|.jpg
|(SUKUD+SUKUD)~d|.jpg
|(SZAxHI@g~a)~a|.jpg
|(SZAxHI@g~a)~b|.jpg
|(U8xTAR)~b|.jpg
|(UDU~axTAR)~a|.jpg
|(UDU~axTAR)~b|.jpg
|(ZU&ZU).SAR~a|.jpg
|1(N01@r)|.jpg
|1(N02).RU|.jpg
|1(N08@f)x1(N57)|.jpg
|1(N34)x1(N58)|.jpg
|1(N34F@t)|.jpg
|1(N57).1(N57)|.jpg
|1(N57).AB2|.jpg
|1(N57).SZAH2~a|.jpg
|1(N57).SZUBUR|.jpg
|1(N58).BAD~a|.jpg
|1(N58).BAD~b|.jpg
|1(N58@t)|.jpg
|2(N57).AB2|.jpg
|2(N57).KU6~a|.jpg
|2(N57).SU~a|.jpg
|2(N57).SZUBUR|.jpg
|3(N57).AMAR|.jpg
|3(N57).BARA3|.jpg
|3(N57).E2~b|.jpg
|3(N57).GAR|.jpg
|3(N57).NUNUZ~a1|.jpg
|3(N57).NUNUZ~c|.jpg
|3(N57).PIRIG~b1|.jpg
|3(N57).SZUBUR|.jpg
|3(N58).UR3~b1|.jpg
|4(N57).AMAR|.jpg
|4(N57).GAR|.jpg
|4(N57).KU3~a|.jpg
|4(N57).NI~b|.jpg
|5(N57).GAR|.jpg
|5(N57).KU3~a|.jpg
|6(N57).GAR|.jpg
|6(N57).KU3~a|.jpg
|8(N57).NI~b|.jpg
|AB2x2(N14)|.jpg
|AB~ax(SZE~a&SZE~a)|.jpg
|AB~ax1(N01)|.jpg
|AB~axA@t|.jpg
|AB~axASZ2|.jpg
|AB~axKU6~a|.jpg
|AB~axSUKKAL|.jpg
|AB~axX|.jpg
|AB~axZATU659|.jpg
|AB~bxA|.jpg
|AB~bxKU6~a|.jpg
|AB~bxSZA3~a1|.jpg
|AMAR&AMAR|.jpg
|AMAR.1(N02)|.jpg
|AMAR@g|.jpg
|AMARxTAR|.jpg
|AMA~axE2~a|.jpg
|APIN~a.APIN~a|.jpg
|Ax1(N14)|.jpg
|AxAB2|.jpg
|AxAN|.jpg
|AxEN~a|.jpg
|AxSZUBUR|.jpg
|AxZATU672|.jpg
|BAD&BAD|.jpg
|BU~a+DU6~a|.jpg
|BU~ax1(N58)|.jpg
|BU~axA|.jpg
|BU~axGISZ@t|.jpg
|BU~b.NA2~a|.jpg
|DARA3~cx(KAR2.SZE~a)|.jpg
|DARA3~cxKAR2|.jpg
|DARA3~dx(KAR2.SZE~a)|.jpg
|DARA3~dxKAR2|.jpg
|DAR~axA|.jpg
|DA~a.LISZ|.jpg
|DIM~axGU|.jpg
|DIM~axX|.jpg
|DU6~axDISZ|.jpg
|DU8~cxHI|.jpg
|DU8~cxUDU~a|.jpg
|DU8~cxX|.jpg
|DUG~ax1(N57)|.jpg
|DUG~axHI|.jpg
|DUG~axKASKAL|.jpg
|DUG~axLAM~b|.jpg
|DUG~axNAGA~a|.jpg
|DUG~axU2~a|.jpg
|DUG~axU2~b|.jpg
|DUG~axX|.jpg
|DUG~bx(1(N57).KU3~a)|.jpg
|DUG~bx(KUR~a.X)|.jpg
|DUG~bx(NI~a@g.ZATU779)|.jpg
|DUG~bx(SI4~a.X)|.jpg
|DUG~bx(SZE~a.NAM2)|.jpg
|DUG~bx(TAK4~a.SAL)|.jpg
|DUG~bx(TAK4~a.SA~a)|.jpg
|DUG~bx(ZATU789.SA~a)|.jpg
|DUG~bx1(N57)|.jpg
|DUG~bx3(N57)|.jpg
|DUG~bxAB2|.jpg
|DUG~bxANSZE~b|.jpg
|DUG~bxANSZE~d|.jpg
|DUG~bxBALA~a|.jpg
|DUG~bxBIR3~c|.jpg
|DUG~bxDIN|.jpg
|DUG~bxE~a|.jpg
|DUG~bxGA~a|.jpg
|DUG~bxGA~b|.jpg
|DUG~bxGESZTU~a|.jpg
|DUG~bxGESZTU~b|.jpg
|DUG~bxGI6|.jpg
|DUG~bxGISZ|.jpg
|DUG~bxHI@g~a|.jpg
|DUG~bxHI|.jpg
|DUG~bxKASKAL|.jpg
|DUG~bxKU6~a|.jpg
|DUG~bxKUR@g~a|.jpg
|DUG~bxKUR~a|.jpg
|DUG~bxKUR~b|.jpg
|DUG~bxLAM~a|.jpg
|DUG~bxMASZ|.jpg
|DUG~bxNAGA~a|.jpg
|DUG~bxNAM2|.jpg
|DUG~bxSA~a|.jpg
|DUG~bxSI4~a|.jpg
|DUG~bxSIG2~a1|.jpg
|DUG~bxSIG2~a2|.jpg
|DUG~bxSIG7|.jpg
|DUG~bxSUHUR|.jpg
|DUG~bxSZAH2~a|.jpg
|DUG~bxSZE~a|.jpg
|DUG~bxTAK4~a|.jpg
|DUG~bxTI|.jpg
|DUG~bxU2~a|.jpg
|DUG~bxU2~b|.jpg
|DUG~bxUH3~a@t|.jpg
|DUG~bxUH3~a|.jpg
|DUG~bxX|.jpg
|DUG~bxZATU707~a|.jpg
|DUG~bxZATU764|.jpg
|DUG~bxZATU779|.jpg
|DUG~bxZATU780|.jpg
|DUG~bxZATU781|.jpg
|DUG~cx1(N57)|.jpg
|DUxDISZ|.jpg
|E2~a.LISZ|.jpg
|E2~ax1(N57)@t|.jpg
|E2~ax3(N58)|.jpg
|E2~b.LISZ|.jpg
|E2~bx1(N57)@t|.jpg
|EN2.E2~a|.jpg
|EN2.E2~b|.jpg
|EN~c&EN~c|.jpg
|ESZDAxTAR|.jpg
|EZEN~ax(HI.1(N57).AN)|.jpg
|EZEN~ax(U2~b.A)|.jpg
|EZEN~axEN~a|.jpg
|EZEN~axEN~b|.jpg
|EZEN~axKAB|.jpg
|EZEN~axKI|.jpg
|EZEN~axLA~e|.jpg
|EZEN~axNIMGIR|.jpg
|EZEN~axNIM~b2|.jpg
|EZEN~axRAD~a|.jpg
|EZEN~axSAG|.jpg
|EZEN~axSU~a|.jpg
|EZEN~axU4|.jpg
|EZEN~axX|.jpg
|EZEN~b@t|.jpg
|EZEN~bx6(N57)|.jpg
|GA2~a1x((SUKUD&SUKUD)~a)|.jpg
|GA2~a1x((SUKUD&SUKUD)~b)|.jpg
|GA2~a1x(GIR~a.KU6~a)|.jpg
|GA2~a1x(HI.SUHUR)|.jpg
|GA2~a1x(KU6~a.KU6~a)|.jpg
|GA2~a1x1(N14)|.jpg
|GA2~a1x1(N57)|.jpg
|GA2~a1xA|.jpg
|GA2~a1xEN~b|.jpg
|GA2~a1xGESZTU~c3|.jpg
|GA2~a1xGESZTU~c5|.jpg
|GA2~a1xGIR~a|.jpg
|GA2~a1xGISZ@t|.jpg
|GA2~a1xGU4|.jpg
|GA2~a1xHAL|.jpg
|GA2~a1xHI|.jpg
|GA2~a1xKU3~a|.jpg
|GA2~a1xKU6~a|.jpg
|GA2~a1xLAGAB~b|.jpg
|GA2~a1xMASZ|.jpg
|GA2~a1xNAGA~a|.jpg
|GA2~a1xNUN~a|.jpg
|GA2~a1xPAD~b|.jpg
|GA2~a1xPAP~a|.jpg
|GA2~a1xSUHUR|.jpg
|GA2~a1xSUKUD|.jpg
|GA2~a1xSUMASZ|.jpg
|GA2~a1xSU~a|.jpg
|GA2~a1xSZA|.jpg
|GA2~a1xTI|.jpg
|GA2~a1xU4|.jpg
|GA2~a1xX|.jpg
|GA2~a2x(GU4.SZE3)|.jpg
|GA2~a2x3(N57)|.jpg
|GA2~a2xGU4|.jpg
|GA2~a2xNIM~b1|.jpg
|GA2~a2xNI~a|.jpg
|GA2~a2xNI~b|.jpg
|GA2~a2xSUHUR|.jpg
|GA2~a2xSZE3|.jpg
|GA2~a2xX|.jpg
|GA2~a3xX|.jpg
|GA2~bxDUB~a|.jpg
|GA2~bxDUB~b|.jpg
|GA2~bxKU3~a|.jpg
|GA2~bxZATU659|.jpg
|GAN~cx(HI.DIN)|.jpg
|GAN~cx(KUR~a.A)|.jpg
|GAN~cxDIN|.jpg
|GAN~cxHI|.jpg
|GAN~cxKASZ~c|.jpg
|GAN~cxLAGAB~b|.jpg
|GAN~cxNE~a|.jpg
|GAN~cxSIG7|.jpg
|GAN~cxSZE3@t|.jpg
|GAN~cxSZE~a|.jpg
|GAN~cxX|.jpg
|GAN~cxZATU777|.jpg
|GAN~dxGESZTU~a|.jpg
|GAN~dxHI|.jpg
|GA~a.ZATU753|.jpg
|GA~axX|.jpg
|GA~cx1(N14)|.jpg
|GA~cxKASKAL|.jpg
|GESZTIN~cxX|.jpg
|GESZTU~axSZE~a@t|.jpg
|GI&GI&GI|.jpg
|GI&GI|.jpg
|GI4~a&GI4~a|.jpg
|GI4~axA|.jpg
|GI4~b&GI4~b|.jpg
|GIR3~axSZE~b|.jpg
|GIR3~cxKAR2|.jpg
|GIR3~cxSZE3|.jpg
|GIR~a.KU6~a|.jpg
|GIR~b.GIR~b|.jpg
|GISZ.TE|.jpg
|GISZ3~a&GISZ3~a|.jpg
|GISZ@t.E2~a|.jpg
|GISZxSZU2~a|.jpg
|GISZxSZU2~b|.jpg
|GIx1(N14)|.jpg
|GIx1(N58)@t|.jpg
|GIxGISZ@t|.jpg
|GIxKU~b1|.jpg
|GIxLAGAB~a|.jpg
|GIxNAM2|.jpg
|GIxSIG2~d1|.jpg
|GIxSZE3|.jpg
|GIxX|.jpg
|GU4.ZATU755~a|.jpg
|GUG2xSILA3~a|.jpg
|GUG2xSZITA~a1|.jpg
|GUG2xTUR|.jpg
|GUKKAL~a.HI@g~a|.jpg
|GURUSZ~ax2(N14)|.jpg
|GURUSZ~bx2(N14)|.jpg
|GURUSZ~cx2(N14)|.jpg
|HASZHURxMA|.jpg
|HI.SUHUR|.jpg
|HIx1(N01)F|.jpg
|HIx1(N57)@t|.jpg
|HIx1(N57)|.jpg
|HIx1(N58)|.jpg
|HIxLAGAB~a|.jpg
|HIxSZE3@t|.jpg
|HIxZATU707~a|.jpg
|IB~a@n|.jpg
|IR~a.GA2~a1|.jpg
|KA2xLAM|.jpg
|KABx1(N58)|.jpg
|KAK~a.GA2~a1|.jpg
|KASKAL@g|.jpg
|KASZ~b@t|.jpg
|KASZ~bxSZE~a|.jpg
|KA~a.SZE~a|.jpg
|KA~axSAR~a|.jpg
|KI@nxDUB~a|.jpg
|KISAL~b2@t|.jpg
|KU6~a+GISZ|.jpg
|KU6~a+KU6~a|.jpg
|KU6~a.1(N02)|.jpg
|KUR@g~a|.jpg
|KUR@g~b|.jpg
|KUR~a.E2~a|.jpg
|KUR~a.NUNUZ~a1|.jpg
|KUR~b.E2~a|.jpg
|LAGAB~ax(KU6~a+KU6~a)|.jpg
|LAGAB~ax2(N14)|.jpg
|LAGAB~axBA|.jpg
|LAGAB~axBIR3~b|.jpg
|LAGAB~axDU6~b|.jpg
|LAGAB~axKAK~a|.jpg
|LAGAB~axKU6~a|.jpg
|LAGAB~axKUSZU2~b|.jpg
|LAGAB~axLAGAB~a|.jpg
|LAGAB~axME~a|.jpg
|LAGAB~axNUN~b|.jpg
|LAGAB~axPA~a|.jpg
|LAGAB~axSIG7|.jpg
|LAGAB~axSI|.jpg
|LAGAB~axSU~a|.jpg
|LAGAB~axSZA|.jpg
|LAGAB~axSZITA~a1|.jpg
|LAGAB~axTI|.jpg
|LAGAB~axU4|.jpg
|LAGAB~axUB|.jpg
|LAGAB~axX|.jpg
|LAGAB~axZATU753|.jpg
|LAGAB~bx1(N01)|.jpg
|LAGAB~bxBANSZUR~a|.jpg
|LAGAB~bxGA'AR~a1|.jpg
|LAGAB~bxHI|.jpg
|LAGAB~bxKUR~e|.jpg
|LAGAB~bxLAGAB~b|.jpg
|LAGAB~bxPA~a|.jpg
|LAGAB~bxSI|.jpg
|LAGAB~bxSUH|3.jpg
|LAGAB~bxSZITA~c|.jpg
|LAGAB~bxU4|.jpg
|LAGAB~bxX|.jpg
|LAL2~axEZEN~a|.jpg
|LAL2~axNIM~b2|.jpg
|LAM~b@t|.jpg
|LU2xGESZTU~c3|.jpg
|MAH~ax(SILA3~axUMBIN~a)|.jpg
|MAH~axAB2|.jpg
|MAH~axGUKKAL~a|.jpg
|MAH~axKU6~a|.jpg
|MAH~axMASZ|.jpg
|MAH~axNA~a|.jpg
|MAH~axTUG2~a|.jpg
|MAH~axUD5~a|.jpg
|MAH~axUDU~a|.jpg
|MAH~axUR~a|.jpg
|MAH~axUTUA~a|.jpg
|MAH~axX|.jpg
|MAH~axZATU659|.jpg
|MAH~bxKU6~a|.jpg
|MAH~bxMASZ|.jpg
|MAH~bxNA~a|.jpg
|MAH~bxSAL|.jpg
|MAR~bx(LAGAB~b.SZE3)|.jpg
|MAR~bxSZE~a|.jpg
|MAR~bxX|.jpg
|MAx1(N58)|.jpg
|MAx2(N57)|.jpg
|MAxA|.jpg
|MAxMA|.jpg
|MAxX|.jpg
|MUD3~a@gxGU|.jpg
|MUSZEN.UR3~b2|.jpg
|MUSZENx1(N57)|.jpg
|MUSZENx2(N57)|.jpg
|MUSZENx3(N57)|.jpg
|MUSZENxPAP~a|.jpg
|MUSZENxX|.jpg
|NAGA~axTAK4~a|.jpg
|NAM2x1(N01)|.jpg
|NINDA2x((UDU~axTAR)~a)|.jpg
|NINDA2x(AN.HI)|.jpg
|NINDA2x(AN.ME~a)|.jpg
|NINDA2x(AN.X)|.jpg
|NINDA2x(GISZ.DAR~a)|.jpg
|NINDA2x(HI.AN.ME~a)|.jpg
|NINDA2x(HI.ME~a)|.jpg
|NINDA2x(HI.X)|.jpg
|NINDA2x(HI@g~a.1(N06))|.jpg
|NINDA2x(U4.X)|.jpg
|NINDA2x(X.MASZ)|.jpg
|NINDA2x(ZATU659x1(N01))|.jpg
|NINDA2x1(N01)|.jpg
|NINDA2x1(N06)|.jpg
|NINDA2x1(N08)|.jpg
|NINDA2x2(N01)|.jpg
|NINDA2xAN|.jpg
|NINDA2xBA|.jpg
|NINDA2xEZEN~b|.jpg
|NINDA2xGA'AR~a1|.jpg
|NINDA2xGAR|.jpg
|NINDA2xGISZ|.jpg
|NINDA2xGU4|.jpg
|NINDA2xGUDU4|.jpg
|NINDA2xHI|.jpg
|NINDA2xKASZ~b|.jpg
|NINDA2xMAR~b|.jpg
|NINDA2xNE~a|.jpg
|NINDA2xSZIM~a|.jpg
|NINDA2xU4|.jpg
|NINDA2xX|.jpg
|NIR~axAN|.jpg
|NI~a.RU|.jpg
|NI~ax1(N57)|.jpg
|NI~bx4(N57)|.jpg
|NI~bxX|.jpg
|NU11&NU11|.jpg
|NU11@t|.jpg
|NUNUZ~a1@t|.jpg
|NUN~a+A|.jpg
|NUN~a+EN~a|.jpg
|NUN~a+EN~b|.jpg
|NUN~a+EN~d|.jpg
|NUN~a+NAM2|.jpg
|NUN~b+EN~a|.jpg
|PIRIG~b1xUR2|.jpg
|RAD~a@t|.jpg
|RU@t|.jpg
|SAGx1(N14)|.jpg
|SAGxGESZTU~a|.jpg
|SAGxGESZTU~b|.jpg
|SAGxGESZTU~c|.jpg
|SAGxLAM~c|.jpg
|SAGxMA|.jpg
|SAGxSAR~a|.jpg
|SAL.KUR~a|.jpg
|SAL.LAM~b|.jpg
|SAL.SZU2|.jpg
|SALx1(N58)|.jpg
|SAR~axSZE~a|.jpg
|SIG2~b.SIG2~b|.jpg
|SIG2~bx1(N14)|.jpg
|SIGx1(N57)|.jpg
|SILA3~ax(ZATU659.TU~c)|.jpg
|SILA3~ax1(N57)|.jpg
|SILA3~ax1(N58)|.jpg
|SILA3~axAMAR|.jpg
|SILA3~axA|.jpg
|SILA3~axDUG~a|.jpg
|SILA3~axDUG~b|.jpg
|SILA3~axGARA2~a|.jpg
|SILA3~axGA~a|.jpg
|SILA3~axGESZTU~a|.jpg
|SILA3~axGESZTU~c3|.jpg
|SILA3~axGESZTU~c5|.jpg
|SILA3~axHASZHUR|.jpg
|SILA3~axHI@g~a|.jpg
|SILA3~axHI|.jpg
|SILA3~axIB~a|.jpg
|SILA3~axKASZ~a|.jpg
|SILA3~axKASZ~c|.jpg
|SILA3~axKASZ~d|.jpg
|SILA3~axKU6~a|.jpg
|SILA3~axKUR~a|.jpg
|SILA3~axMASZ|.jpg
|SILA3~axMA|.jpg
|SILA3~axNAGA~a|.jpg
|SILA3~axNI~a|.jpg
|SILA3~axNUN~b|.jpg
|SILA3~axSUHUR|.jpg
|SILA3~axSUM~a|.jpg
|SILA3~axSUM~b|.jpg
|SILA3~axSZE~a@t|.jpg
|SILA3~axSZE~a|.jpg
|SILA3~axSZU2|.jpg
|SILA3~axSZU|.jpg
|SILA3~axX|.jpg
|SILA3~axZATU629|.jpg
|SILA3~axZATU646|.jpg
|SILA3~bxDUG~a|.jpg
|SILA3~bxGUG2|.jpg
|SILA3~bxNAGA~b|.jpg
|SILA3~bxNI~a|.jpg
|SILA3~bxNI~b|.jpg
|SILA3~cxSZU|.jpg
|SILA3~cxZATU687|.jpg
|SILA3~dxNI~a|.jpg
|SIxGU4|.jpg
|SIxSZE3|.jpg
|SUHUR@n|.jpg
|SUKUD@g~d|.jpg
|SUM~a@t|.jpg
|SU~ax1(N58)|.jpg
|SZEN~dxA|.jpg
|SZE~a&SZE~a|.jpg
|SZE~a.KIN2~c|.jpg
|SZE~a.NAM2|.jpg
|SZITA@g~ax1(N04)|.jpg
|SZITA@g~ax1(N06)|.jpg
|SZITA~a1x1(N06)|.jpg
|SZITA~a1xKAK~a|.jpg
|SZITA~a1xSZU2|.jpg
|SZITA~a1xSZU|.jpg
|SZITA~a1xUDU~a|.jpg
|SZITA~b1xHI@g~a|.jpg
|SZITA~b3xNAM2|.jpg
|SZU&SZU|.jpg
|SZU2.((HI+1(N57))+(HI+1(N57)))|.jpg
|SZU2.1(N02)|.jpg
|SZU2.2(N57)|.jpg
|SZU2.E2~a|.jpg
|SZU2.E2~b|.jpg
|SZU2.EN~a|.jpg
|SZU2.EN~b|.jpg
|SZU2.GISZ|.jpg
|SZU2.URI3~a|.jpg
|SZUx1(N58)|.jpg
|TA~dxMASZ|.jpg
|TUG2~a.(BAD&BAD)|.jpg
|TUR3~a@n|.jpg
|TUR3~bxTAK4~a|.jpg
|TURxX|.jpg
|U4.(1(N14).3(N08))|.jpg
|U4.(1(N14).4(N08))|.jpg
|U4.(1(N14).5(N08))|.jpg
|U4.(1(N14).8(N08))|.jpg
|U4.1(N08)|.jpg
|U4.1(N14)|.jpg
|U4.2(N08)|.jpg
|U4.2(N14)|.jpg
|U4.3(N08)|.jpg
|U4.4(N08)|.jpg
|U4.5(N08)|.jpg
|U4.6(N08)|.jpg
|U4.7(N08)|.jpg
|U4.8(N08)|.jpg
|U4.SZU2|.jpg
|U4x(1(N14).2(N01))|.jpg
|U4x(1(N14).4(N01))|.jpg
|U4x(1(N14).8(N01))|.jpg
|U4x(2(N14).4(N01))|.jpg
|U4x(3(N14).2(N01))|.jpg
|U4x(3(N14).7(N01))|.jpg
|U4x(X(N01))|.jpg
|U4x(X+2(N01))|.jpg
|U4x1(N01).5(N08)|.jpg
|U4x1(N01)F|.jpg
|U4x1(N01)|.jpg
|U4x1(N14)|.jpg
|U4x1(N57)|.jpg
|U4x1(N58)@t|.jpg
|U4x10(N57)|.jpg
|U4x2(N01).(2(N14).1(N08))|.jpg
|U4x2(N01).2(N14)|.jpg
|U4x2(N01).X|.jpg
|U4x2(N01)|.jpg
|U4x2(N14)|.jpg
|U4x2(N57)|.jpg
|U4x3(N01).3(N08)|.jpg
|U4x3(N01)|.jpg
|U4x3(N57)|.jpg
|U4x4(N01).2(N14)|.jpg
|U4x4(N01)|.jpg
|U4x4(N57)|.jpg
|U4x5(N01).1(N14)|.jpg
|U4x5(N01)|.jpg
|U4x5(N57)|.jpg
|U4x6(N01)|.jpg
|U4x6(N57)|.jpg
|U4x7(N57)|.jpg
|U4x8(N01).X|.jpg
|U4x8(N01)|.jpg
|U4x8(N57)|.jpg
|U4xX|.jpg
|UET2.405|.jpg
|UKKIN~bx(DIN.1(N01))|.jpg
|UKKIN~bx2(N01)|.jpg
|UKKIN~bx3(N01)|.jpg
|UKKIN~bx5(N01)|.jpg
|UKKIN~bxDIN|.jpg
|UKKIN~bxDUG~a|.jpg
|UKKIN~bxHI@g~a|.jpg
|UKKIN~bxNI~a|.jpg
|UKKIN~bxX|.jpg
|UNUG~axA@t|.jpg
|UR2x1(N57)|.jpg
|UR2xTAR|.jpg
|UR3~b1xMASZ|.jpg
|URI3~a+IB~a|.jpg
|URU~a1@n|.jpg
|URU~a1x1(N57)|.jpg
|URU~a1x2(N57)|.jpg
|URU~a1xAMAR|.jpg
|URU~a1xA|.jpg
|URU~a1xGU4|.jpg
|URU~a1xHI@g~a|.jpg
|URU~a1xNIMGIR|.jpg
|URU~a1xU4|.jpg
|URU~a1xX|.jpg
|URU~a2x1(N58)|.jpg
|URU~a3xKALAM~a|.jpg
|UR~axKAR2|.jpg
|USZ~a&USZ~a|.jpg
|USZ~b&USZ~b|.jpg
|USZ~bxTAR~c|.jpg
|USZ~bxTAR~d|.jpg
|ZATU644~ax1(N14)|.jpg
|ZATU651xAN|.jpg
|ZATU651xEN~a|.jpg
|ZATU651xGAR|.jpg
|ZATU651xMA|.jpg
|ZATU651xNUN~a|.jpg
|ZATU651xSZE~a|.jpg
|ZATU651xX|.jpg
|ZATU651xZAR~c|.jpg
|ZATU659x1(N01)|.jpg
|ZATU659x1(N14)|.jpg
|ZATU659x1(N58)@t|.jpg
|ZATU662x1(N14)|.jpg
|ZATU683@t|.jpg
|ZATU711xHI@g~a|.jpg
|ZATU711xX|.jpg
|ZATU714.RU|.jpg
|ZATU714xHI@g~a|.jpg
|ZATU714xX|.jpg
|ZATU737xAB~a|.jpg
|ZATU737xBUR~a|.jpg
|ZATU737xBU~a|.jpg
|ZATU737xDI|.jpg
|ZATU737xEN~a|.jpg
|ZATU737xEN~b|.jpg
|ZATU737xE~a|.jpg
|ZATU737xGAR|.jpg
|ZATU737xNIMGIR|.jpg
|ZATU737xNI~a@g|.jpg
|ZATU737xSAL|.jpg
|ZATU737xSU~a|.jpg
|ZATU737xSZE~a|.jpg
|ZATU737xSZITA@g~a|.jpg
|ZATU737xSZITA~a1|.jpg
|ZATU737xU4|.jpg
|ZATU737xUNUG~a|.jpg
|ZATU737xX|.jpg
|ZATU759@txX|.jpg
|ZATU759x(KU6~a+KU6~a)|.jpg
|ZATU759xKU6~a|.jpg
|ZATU759xKU6~d|.jpg
|ZATU759xX|.jpg
|ZATU762~axNIM~a|.jpg
|ZATU762~bxAB~a|.jpg
|ZATU831@g|.jpg
|x(N57).GAR|.jpg
