o0900049	𒚭	𒝍.𒧢.𒩴	|DU.ME~a.NUN~a|
o0900508	𒟓	𒝍.𒯡	|DU.U₄.1(N14).1(N08)|
o0901578	𒩩	𒟊.𒩴	|E₂~a.NUN~a|
o0900535	𒟨	𒟙.󳄆∘𒩴.𒫤	|EN~a.ŠE~a@t+EZEN~b∘NUN~a.SIG₇|
o0900535	𒟩	𒟙.𒛦∘𒫣.𒧢.𒩴	|EN~a.BAHAR₂~b∘.SIG₇.∘ME~a.NUN~a|
o0900537	𒟪	𒟙.𒥁	|EN~a.KID~a|
o0900534	𒟧	𒟙.𒧢.𒡸	|EN~a.ME~a.GI|
o0900533	𒟦	𒟙.𒧢.𒧬	|EN~a.ME~a.MU|
o0902394	𒲃	𒡎.𒜟	|GAL~a.BUR₂|
o0901944	𒭑	𒡎.𒨺	|GAL~a.NI~a|
o0901943	𒭐	𒡎.𒩃	|GAL~a.NIM~a|
o0900905	𒢻	𒡱.𒨖	|GEŠTU~a.NAGA~a|
o0901491	𒨵	𒢟.𒚘	|GIR₃~c.AB~a|
o0902108	𒮿	𒢟.𒪘	|GIR₃~c.PIRIG~b1|
o0900966	𒣪	𒣦.𒦀	|HI.LAGAB~a|
o0902418	𒲑	𒨃.𒚘	|MUŠ₃~a.AB~a|
o0901909	𒬶	𒨃.𒟯	|MUŠ₃~a.ERIN|
o0902419	𒲒	𒨃.𒱄	|MUŠ₃~a.UNUG~a|
o0902357	𒱪	󰄐.𒱣	|1(N57).URU~a1|
o0902359	𒱫	󰄑.𒱣	|2(N57).URU~a1|
o0900109	𒛙	󰄒.𒦬.𒥬.𒪥	|3(N57).LAM~a.KUR~a.RU|
o0900997	𒣼	𒨜.𒜋	|NAGAR~a.BU~a|
o0900998	𒣽	𒨝.𒜋	|NAGAR~b.BU~a|
o0900544	𒟮	𒨯.𒪥	|NE~a.RU|
o0900841	󳂳	󳂠∘𒡸	|NE~a∘GI|
o0900841	𒢒	𒨳∘𒡸	|NE~c∘GI|
o0900047	𒚫	𒩴.𒧢	|NUN~a.ME~a|
o0900049	󳂭	𒩴.𒧢.𒝍	|NUN~a.ME~a.DU|
o0900047	𒚬	𒩴+𒧢	|NUN~a+ME~a|
o0901868	𒬚	𒪌.𒰥	|PA~a.UDU~a|
o0901868	󳃃	𒪍.𒰥	|PA~a.UDU~a|
o0901416	𒧽	𒪵.𒦠	|SAL.LAGAR~a|
o0901524	𒩉	𒪵.󳃻	|SAL.NAM₂|
o0901577	𒩨	𒪵.󳃻.󳄆∘𒩴.𒫤	|SAL.NAM₂.ŠE~a@t+EZEN~b∘NUN~a.SIG₇|
o0901773	󲨰	𒪵.𒫇	|SAL.SI|
o0901111	𒥍	𒪵.𒬕	|SAL.SILA₄~c|
o0902072	󲨒	𒬝.𒥬.𒪥	|SU~a.KUR~a.RU|
o0901477	𒨫	𒭭.𒨋	|ŠEŠ~a.NA~a|
o0901268	𒦥	𒭻.𒧯	|ŠITA~a1.MUD₃~a|
o0901071	𒤯	𒮹.𒚐	|TE.A|
o0900108	𒛘	𒯡.𒚣	|U₄.AB~b|
o0902334	𒱡	𒱟.𒚘	|URI₃~a.AB~a|
o0902336	󲺆	𒱟.𒣴	|URI₃~a.IB~a|
o0901475	󳂞	𒱟.𒨋	|URI₃~a.NA~a|
o0902330	󲫋	𒱟.𒱄	|URI₃~a.UNUG~a|
o0901475	𒨪	𒱠∘𒨋	|URI₃~a∘NA~a|
o0901475	𒨩	𒱠.𒨋	|URI₃~a.NA~a|
o0902334	𒱡	𒱟.𒚘	|URI₃~a.AB~a|
o0902336	󲺆	𒱟.𒣴	|URI₃~a.IB~a|
o0901475	󳂞	𒱟.𒨋	|URI₃~a.NA~a|
o0902330	󲫋	𒱟.𒱄	|URI₃~a.UNUG~a|
o0901475	𒨪	𒱠∘𒨋	|URI₃~a∘NA~a|
o0901475	𒨩	𒱠.𒨋	|URI₃~a.NA~a|
