uni000D
space
plus
period
underscore
multiply
uni200D
uni2062
uni2064
uni2080
uni2081
uni2082
uni2083
uni2084
uni2085
uni2086
uni2087
uni2088
uni2089
uni2218
uni25A1
u12550
u12551
u12552
u12553
u12554
u12555
u12556
u12557
u12558
u12559
u1255A
u1255B
u1255C
u1255D
u1255E
u1255F
u12560
u12561
u12562
u12563
u12564
u12565
u12566
u12567
u12568
u12569
u1256A
u1256B
u1256C
u1256D
u1256E
u1256F
u12570
u12571
u12572
u12573
u12574
u12575
u12576
u12577
u12578
u12579
u1257A
u1257B
u1257C
u1257D
u1257E
u1257F
u12580
u12581
u12582
u12583
u12584
u12585
u12586
u12587
u12588
u12589
u1258A
u1258B
u1258C
u1258D
u1258E
u1258F
u12590
u12591
u12592
u12593
u12594
u12595
u12596
u12597
u12598
u12599
u1259A
u1259B
u1259C
u1259D
u1259E
u1259F
u125A0
u125A1
u125A2
u125A3
u125A4
u125A5
u125A6
u125A7
u125A8
u125A9
u125AA
u125AB
u125AC
u125AD
u125AE
u125AF
u125B0
u125B1
u125B2
u125B3
u125B4
u125B5
u125B6
u125B7
u125B8
u125B9
u125BA
u125BB
u125BC
u125BD
u125BE
u125BF
u125C0
u125C1
u125C2
u125C3
u125C4
u125C5
u125C6
u125C7
u125C8
u125C9
u125CA
u125CB
u125CC
u125CD
u125CE
u125CF
u125D0
u125D1
u125D2
u125D3
u125D4
u125D5
u125D6
u125D7
u125D8
u125D9
u125DA
u125DB
u125DC
u125DD
u125DE
u125DF
u125E0
u125E1
u125E2
u125E3
u125E4
u125E5
u125E6
u125E7
u125E8
u125E9
u125EA
u125EB
u125EC
u125ED
u125EE
u125EF
u125F0
u125F1
u125F2
u125F3
u125F4
u125F5
u125F6
u125F7
u125F8
u125F9
u125FA
u125FB
u125FC
u125FD
u125FE
u125FF
u12600
u12601
u12602
u12603
u12604
u12605
u12606
u12607
u12608
u12609
u1260A
u1260B
u1260C
u1260D
u1260E
u1260F
u12610
u12611
u12612
u12613
u12614
u12615
u12616
u12617
u12618
u12619
u1261A
u1261B
u1261C
u1261D
u1261E
u1261F
u12620
u12621
u12622
u12623
u12624
u12625
u12626
u12627
u12628
u12629
u1262A
u1262B
u1262C
u1262D
u1262E
u1262F
u12630
u12631
u12632
u12633
u12634
u12635
u12636
u12637
u12638
u12639
u1263A
u1263B
u1263C
u1263D
u1263E
u1263F
u12640
u12641
u12642
u12643
u12644
u12645
u12646
u12647
u12648
u12649
u1264A
u1264B
u1264C
u1264D
u1264E
u1264F
u12650
u12651
u12652
u12653
u12654
u12655
u12656
u12657
u12658
u12659
u1265A
u1265B
u1265C
u1265D
u1265E
u1265F
u12660
u12661
u12662
u12663
u12664
u12665
u12666
u12667
u12668
u12669
u1266A
u1266B
u1266C
u1266D
u1266E
u1266F
u12670
u12671
u12672
u12673
u12674
u12675
u12676
u12677
u12678
u12679
u1267A
u1267B
u1267C
u1267D
u1267E
u1267F
u12680
u12681
u12682
u12683
u12684
u12685
u12686
u12690
u12691
u12692
u12693
u12694
u12695
u12696
u12697
u12698
u12699
u1269A
u1269B
u1269C
u1269D
u1269E
u1269F
u126A0
u126A1
u126A2
u126A3
u126A4
u126A5
u126A6
u126A7
u126A8
u126A9
u126AA
u126AB
u126AC
u126AD
u126AE
u126AF
u126B0
u126B1
u126B2
u126B3
u126B4
u126B5
u126B6
u126B7
u126B8
u126B9
u126BA
u126BB
u126BC
u126BD
u126BE
u126BF
u126C0
u126C1
u126C2
u126C3
u126C4
u126C5
u126C6
u126C7
u126C8
u126C9
u126CA
u126CB
u126CC
u126CD
u126CE
u126CF
u126D0
u126D1
u126D2
u126D3
u126D4
u126D5
u126D6
u126D7
u126D8
u126D9
u126DA
u126DB
u126DC
u126DD
u126DE
u126DF
u126E0
u126E1
u126E2
u126E3
u126E4
u126E5
u126E6
u126E7
u126E8
u126E9
u126EA
u126EB
u126EC
u126ED
u126EE
u126EF
u126F0
u126F1
u126F2
u126F3
u126F4
u126F5
u126F6
u126F7
u126F8
u126F9
u126FA
u126FB
u126FC
u126FD
u126FE
u126FF
u12700
u12701
u12702
u12703
u12704
u12705
u12706
u12707
u12708
u12709
u1270A
u1270B
u1270C
u1270D
u1270E
u1270F
u12710
u12711
u12712
u12713
u12714
u12715
u12716
u12717
u12718
u12719
u1271A
u1271B
u1271C
u1271D
u1271E
u1271F
u12720
u12721
u12722
u12723
u12724
u12725
u12726
u12727
u12728
u12729
u1272A
u1272B
u1272C
u1272D
u1272E
u1272F
u12730
u12731
u12732
u12733
u12734
u12735
u12736
u12737
u12738
u12739
u1273A
u1273B
u1273C
u1273D
u1273E
u1273F
u12740
u12741
u12742
u12743
u12744
u12745
u12746
u12747
u12748
u12749
u1274A
u1274B
u1274C
u1274D
u1274E
u1274F
u12750
u12751
u12752
u12753
u12754
u12755
u12756
u12757
u12758
u12759
u1275A
u1275B
u1275C
u1275D
u1275E
u1275F
u12760
u12761
u12762
u12763
u12764
u12765
u12766
u12767
u12768
u12769
u1276A
u1276B
u1276C
u1276D
u1276E
u1276F
u12770
u12771
u12772
u12773
u12774
u12775
u12776
u12777
u12778
u12779
u1277A
u1277B
u1277C
u1277D
u1277E
u1277F
u12780
u12781
u12782
u12783
u12784
u12785
u12786
u12787
u12788
u12789
u1278A
u1278B
u1278C
u1278D
u1278E
u1278F
u12790
u12791
u12792
u12793
u12794
u12795
u12796
u12797
u12798
u12799
u1279A
u1279B
u1279C
u1279D
u1279E
u1279F
u127A0
u127A1
u127A2
u127A3
u127A4
u127A5
u127A6
u127A7
u127A8
u127A9
u127AA
u127AB
u127AC
u127AD
u127AE
u127AF
u127B0
u127B1
u127B2
u127B3
u127B4
u127B5
u127B6
u127B7
u127B8
u127B9
u127BA
u127BB
u127BC
u127BD
u127BE
u127BF
u127C0
u127C1
u127C2
u127C3
u127C4
u127C5
u127C6
u127C7
u127C8
u127C9
u127CA
u127CB
u127CC
u127CD
u127CE
u127CF
u127D0
u127D1
u127D2
u127D3
u127D4
u127D5
u127D6
u127D7
u127D8
u127D9
u127DA
u127DB
u127DC
u127DD
u127DE
u127DF
u127E0
u127E1
u127E2
u127E3
u127E4
u127E5
u127E6
u127E7
u127E8
u127E9
u127EA
u127EB
u127EC
u127ED
u127EE
u127EF
u127F0
u127F1
u127F2
u127F3
u127F4
u127F5
u127F6
u127F7
u127F8
u127F9
u127FA
u127FB
u127FC
u127FD
u127FE
u127FF
u12800
u12801
u12802
u12803
u12804
u12805
u12806
u12807
u12808
u12809
u1280A
u1280B
u1280C
u1280D
u1280E
u1280F
u12810
u12811
u12812
u12813
u12814
u12815
u12816
u12817
u12818
u12819
u1281A
u1281B
u1281C
u1281D
u1281E
u1281F
u12820
u12821
u12822
u12823
u12824
u12825
u12826
u12827
u12828
u12829
u1282A
u1282B
u1282C
u1282D
u1282E
u1282F
u12830
u12831
u12832
u12833
u12834
u12835
u12836
u12837
u12838
u12839
u1283A
u1283B
u1283C
u1283D
u1283E
u1283F
u12840
u12841
u12842
u12843
u12844
u12845
u12846
u12847
u12848
u12849
u1284A
u1284B
u1284C
u1284D
u1284E
u1284F
u12850
u12851
u12852
u12853
u12854
u12855
u12856
u12857
u12858
u12859
u1285A
u1285B
u1285C
u1285D
u1285E
u1285F
u12860
u12861
u12862
u12863
u12864
u12865
u12866
u12867
u12868
u12869
u1286A
u1286B
u1286C
u1286D
u1286E
u1286F
u12870
u12871
u12872
u12873
u12874
u12875
u12876
u12877
u12878
u12879
u1287A
u1287B
u1287C
u1287D
u1287E
u1287F
u12880
u12881
u12882
u12883
u12884
u12885
u12886
u12887
u12888
u12889
u1288A
u1288B
u1288C
u1288D
u1288E
u1288F
u12890
u12891
u12892
u12893
u12894
u12895
u12896
u12897
u12898
u12899
u1289A
u1289B
u1289C
u1289D
u1289E
u1289F
u128A0
u128A1
u128A2
u128A3
u128A4
u128A5
u128A6
u128A7
u128A8
u128A9
u128AA
u128AB
u128AC
u128AD
u128AE
u128AF
u128B0
u128B1
u128B2
u128B3
u128B4
u128B5
u128B6
u128B7
u128B8
u128B9
u128BA
u128BB
u128BC
u128BD
u128BE
u128BF
u128C0
u128C1
u128C2
u128C3
u128C4
u128C5
u128C6
u128C7
u128C8
u128C9
u128CA
u128CB
u128CC
u128CD
u128CE
u128CF
u128D0
u128D1
u128D2
u128D3
u128D4
u128D5
u128D6
u128D7
u128D8
u128D9
u128DA
u128DB
u128DC
u128DD
u128DE
u128DF
u128E0
u128E1
u128E2
u128E3
u128E4
u128E5
u128E6
u128E7
u128E8
u128E9
u128EA
u128EB
u128EC
u128ED
u128EE
u128EF
u128F0
u128F1
u128F2
u128F3
u128F4
u128F5
u128F6
u128F7
u128F8
u128F9
u128FA
u128FB
u128FC
u128FD
u128FE
u128FF
u12900
u12901
u12902
u12903
u12904
u12905
u12906
u12907
u12908
u12909
u1290A
u1290B
u1290C
u1290D
u1290E
u1290F
u12910
u12911
u12912
u12913
u12914
u12915
u12916
u12917
u12918
u12919
u1291A
u1291B
u1291C
u1291D
u1291E
u1291F
u12920
u12921
u12922
u12923
u12924
u12925
u12926
u12927
u12928
u12929
u1292A
u1292B
u1292C
u1292D
u1292E
u1292F
u12930
u12931
u12932
u12933
u12934
u12935
u12936
u12937
u12938
u12939
u1293A
u1293B
u1293C
u1293D
u1293E
u1293F
u12940
u12941
u12942
u12943
u12944
u12945
u12946
u12947
u12948
u12949
u1294A
u1294B
u1294C
u1294D
u1294E
u1294F
u12950
u12951
u12952
u12953
u12954
u12955
u12956
u12957
u12958
u12959
u1295A
u1295B
u1295C
u1295D
u1295E
u1295F
u12960
u12961
u12962
u12963
u12964
u12965
u12966
u12967
u12968
u12969
u1296A
u1296B
u1296C
u1296D
u1296E
u1296F
u12970
u12971
u12972
u12973
u12974
u12975
u12976
u12977
u12978
u12979
u1297A
u1297B
u1297C
u1297D
u1297E
u1297F
u12980
u12981
u12982
u12983
u12984
u12985
u12986
u12987
u12988
u12989
u1298A
u1298B
u1298C
u1298D
u1298E
u1298F
u12990
u12991
u12992
u12993
u12994
u12995
u12996
u12997
u12998
u12999
u1299A
u1299B
u1299C
u1299D
u1299E
u1299F
u129A0
u129A1
u129A2
u129A3
u129A4
u129A5
u129A6
u129A7
u129A8
u129A9
u129AA
u129AB
u129AC
u129AD
u129AE
u129AF
u129B0
u129B1
u129B2
u129B3
u129B4
u129B5
u129B6
u129B7
u129B8
u129B9
u129BA
u129BB
u129BC
u129BD
u129BE
u129BF
u129C0
u129C1
u129C2
u129C3
u129C4
u129C5
u129C6
u129C7
u129C8
u129C9
u129CA
u129CB
u129CC
u129CD
u129CE
u129CF
u129D0
u129D1
u129D2
u129D3
u129D4
u129D5
u129D6
u129D7
u129D8
u129D9
u129DA
u129DB
u129DC
u129DD
u129DE
u129DF
u129E0
u129E1
u129E2
u129E3
u129E4
u129E5
u129E6
u129E7
u129E8
u129E9
u129EA
u129EB
u129EC
u129ED
u129EE
u129EF
u129F0
u129F1
u129F2
u129F3
u129F4
u129F5
u129F6
u129F7
u129F8
u129F9
u129FA
u129FB
u129FC
u129FD
u129FE
u129FF
u12A00
u12A01
u12A02
u12A03
u12A04
u12A05
u12A06
u12A07
u12A08
u12A09
u12A0A
u12A0B
u12A0C
u12A0D
u12A0E
u12A0F
u12A10
u12A11
u12A12
u12A13
u12A14
u12A15
u12A16
u12A17
u12A18
u12A19
u12A1A
u12A1B
u12A1C
u12A1D
u12A1E
u12A1F
u12A20
u12A21
u12A22
u12A23
u12A24
u12A25
u12A26
u12A27
u12A28
u12A29
u12A2A
u12A2B
u12A2C
u12A2D
u12A2E
u12A2F
u12A30
u12A31
u12A32
u12A33
u12A34
u12A35
u12A36
u12A37
u12A38
u12A39
u12A3A
u12A3B
u12A3C
u12A3D
u12A3E
u12A3F
u12A40
u12A41
u12A42
u12A43
u12A44
u12A45
u12A46
u12A47
u12A48
u12A49
u12A4A
u12A4B
u12A4C
u12A4D
u12A4E
u12A4F
u12A50
u12A51
u12A52
u12A53
u12A54
u12A55
u12A56
u12A57
u12A58
u12A59
u12A5A
u12A5B
u12A5C
u12A5D
u12A5E
u12A5F
u12A60
u12A61
u12A62
u12A63
u12A64
u12A65
u12A66
u12A67
u12A68
u12A69
u12A6A
u12A6B
u12A6C
u12A6D
u12A6E
u12A6F
u12A70
u12A71
u12A72
u12A73
u12A74
u12A75
u12A76
u12A77
u12A78
u12A79
u12A7A
u12A7B
u12A7C
u12A7D
u12A7E
u12A7F
u12A80
u12A81
u12A82
u12A83
u12A84
u12A85
u12A86
u12A87
u12A88
u12A89
u12A8A
u12A8B
u12A8C
u12A8D
u12A8E
u12A8F
u12A90
u12A91
u12A92
u12A93
u12A94
u12A95
u12A96
u12A97
u12A98
u12A99
u12A9A
u12A9B
u12A9C
u12A9D
u12A9E
u12A9F
u12AA0
u12AA1
u12AA2
u12AA3
u12AA4
u12AA5
u12AA6
u12AA7
u12AA8
u12AA9
u12AAA
u12AAB
u12AAC
u12AAD
u12AAE
u12AAF
u12AB0
u12AB1
u12AB2
u12AB3
u12AB4
u12AB5
u12AB6
u12AB7
u12AB8
u12AB9
u12ABA
u12ABB
u12ABC
u12ABD
u12ABE
u12ABF
u12AC0
u12AC1
u12AC2
u12AC3
u12AC4
u12AC5
u12AC6
u12AC7
u12AC8
u12AC9
u12ACA
u12ACB
u12ACC
u12ACD
u12ACE
u12ACF
u12AD0
u12AD1
u12AD2
u12AD3
u12AD4
u12AD5
u12AD6
u12AD7
u12AD8
u12AD9
u12ADA
u12ADB
u12ADC
u12ADD
u12ADE
u12ADF
u12AE0
u12AE1
u12AE2
u12AE3
u12AE4
u12AE5
u12AE6
u12AE7
u12AE8
u12AE9
u12AEA
u12AEB
u12AEC
u12AED
u12AEE
u12AEF
u12AF0
u12AF1
u12AF2
u12AF3
u12AF4
u12AF5
u12AF6
u12AF7
u12AF8
u12AF9
u12AFA
u12AFB
u12AFC
u12AFD
u12AFE
u12AFF
u12B00
u12B01
u12B02
u12B03
u12B04
u12B05
u12B06
u12B07
u12B08
u12B09
u12B0A
u12B0B
u12B0C
u12B0D
u12B0E
u12B0F
u12B10
u12B11
u12B12
u12B13
u12B14
u12B15
u12B16
u12B17
u12B18
u12B19
u12B1A
u12B1B
u12B1C
u12B1D
u12B1E
u12B1F
u12B20
u12B21
u12B22
u12B23
u12B24
u12B25
u12B26
u12B27
u12B28
u12B29
u12B2A
u12B2B
u12B2C
u12B2D
u12B2E
u12B2F
u12B30
u12B31
u12B32
u12B33
u12B34
u12B35
u12B36
u12B37
u12B38
u12B39
u12B3A
u12B3B
u12B3C
u12B3D
u12B3E
u12B3F
u12B40
u12B41
u12B42
u12B43
u12B44
u12B45
u12B46
u12B47
u12B48
u12B49
u12B4A
u12B4B
u12B4C
u12B4D
u12B4E
u12B4F
u12B50
u12B51
u12B52
u12B53
u12B54
u12B55
u12B56
u12B57
u12B58
u12B59
u12B5A
u12B5B
u12B5C
u12B5D
u12B5E
u12B5F
u12B60
u12B61
u12B62
u12B63
u12B64
u12B65
u12B66
u12B67
u12B68
u12B69
u12B6A
u12B6B
u12B6C
u12B6D
u12B6E
u12B6F
u12B70
u12B71
u12B72
u12B73
u12B74
u12B75
u12B76
u12B77
u12B78
u12B79
u12B7A
u12B7B
u12B7C
u12B7D
u12B7E
u12B7F
u12B80
u12B81
u12B82
u12B83
u12B84
u12B85
u12B86
u12B87
u12B88
u12B89
u12B8A
u12B8B
u12B8C
u12B8D
u12B8E
u12B8F
u12B90
u12B91
u12B92
u12B93
u12B94
u12B95
u12B96
u12B97
u12B98
u12B99
u12B9A
u12B9B
u12B9C
u12B9D
u12B9E
u12B9F
u12BA0
u12BA1
u12BA2
u12BA3
u12BA4
u12BA5
u12BA6
u12BA7
u12BA8
u12BA9
u12BAA
u12BAB
u12BAC
u12BAD
u12BAE
u12BAF
u12BB0
u12BB1
u12BB2
u12BB3
u12BB4
u12BB5
u12BB6
u12BB7
u12BB8
u12BB9
u12BBA
u12BBB
u12BBC
u12BBD
u12BBE
u12BBF
u12BC0
u12BC1
u12BC2
u12BC3
u12BC4
u12BC5
u12BC6
u12BC7
u12BC8
u12BC9
u12BCA
u12BCB
u12BCC
u12BCD
u12BCE
u12BCF
u12BD0
u12BD1
u12BD2
u12BD3
u12BD4
u12BD5
u12BD6
u12BD7
u12BD8
u12BD9
u12BDA
u12BDB
u12BDC
u12BDD
u12BDE
u12BDF
u12BE0
u12BE1
u12BE2
u12BE3
u12BE4
u12BE5
u12BE6
u12BE7
u12BE8
u12BE9
u12BEA
u12BEB
u12BEC
u12BED
u12BEE
u12BEF
u12BF0
u12BF1
u12BF2
u12BF3
u12BF4
u12BF5
u12BF6
u12BF7
u12BF8
u12BF9
u12BFA
u12BFB
u12BFC
u12BFD
u12BFE
u12BFF
u12C00
u12C01
u12C02
u12C03
u12C04
u12C05
u12C06
u12C07
u12C08
u12C09
u12C0A
u12C0B
u12C0C
u12C0D
u12C0E
u12C0F
u12C10
u12C11
u12C12
u12C13
u12C14
u12C15
u12C16
u12C17
u12C18
u12C19
u12C1A
u12C1B
u12C1C
u12C1D
u12C1E
u12C1F
u12C20
u12C21
u12C22
u12C23
u12C24
u12C25
u12C26
u12C27
u12C28
u12C29
u12C2A
u12C2B
u12C2C
u12C2D
u12C2E
u12C2F
u12C30
u12C31
u12C32
u12C33
u12C34
u12C35
u12C36
u12C37
u12C38
u12C39
u12C3A
u12C3B
u12C3C
u12C3D
u12C3E
u12C3F
u12C40
u12C41
u12C42
u12C43
u12C44
u12C45
u12C46
u12C47
u12C48
u12C49
u12C4A
u12C4B
u12C4C
u12C4D
u12C4E
u12C4F
u12C50
u12C51
u12C52
u12C53
u12C54
u12C55
u12C56
u12C57
u12C58
u12C59
u12C5A
u12C5B
u12C5C
u12C5D
u12C5E
u12C5F
u12C60
u12C61
u12C62
u12C63
u12C64
u12C65
u12C66
u12C67
u12C68
u12C69
u12C6A
u12C6B
u12C6C
u12C6D
u12C6E
u12C6F
u12C70
u12C71
u12C72
u12C73
u12C74
u12C75
u12C76
u12C77
u12C78
u12C79
u12C7A
u12C7B
u12C7C
u12C7D
u12C7E
u12C7F
u12C80
u12C81
u12C82
u12C83
u12C84
u12C85
u12C86
u12C87
u12C88
u12C89
u12C8A
u12C8B
u12C8C
u12C8D
u12C8E
u12C8F
u12C90
u12C91
u12C92
u12C93
u12C94
u12C95
u12C96
u12C97
u12C98
u12C99
u12C9A
u12C9B
u12C9C
u12C9D
u12C9E
u12C9F
u12CA0
u12CA1
u12CA2
u12CA3
u12CA4
u12CA5
u12CA6
u12CA7
u12CA8
u12CA9
u12CAA
u12CAB
u12CAC
u12CAD
u12CAE
u12CAF
u12CB0
u12CB1
u12CB2
u12CB3
u12CB4
u12CB5
u12CB6
u12CB7
u12CB8
u12CB9
u12CBA
u12CBB
u12CBC
u12CBD
u12CBE
u12CBF
u12CC0
u12CC1
u12CC2
u12CC3
u12CC4
u12CC5
u12CC6
u12CC7
u12CC8
u12CC9
u12CCA
u12CCB
u12CCC
u12CCD
u12CCE
u12CCF
u12CD0
u12CD1
u12CD2
u12CD3
u12CD4
u12CD5
u12CD6
u12CD7
u12CD8
u12CD9
u12CDA
u12CDB
u12CDC
u12CDD
u12CDE
u12CDF
u12CE0
u12CE1
u12CE2
u12CE3
u12CE4
u12CE5
u12CE6
u12CE7
u12CE8
u12CE9
u12CEA
u12CEB
u12CEC
u12CED
u12CEE
u12CEF
u12CF0
u12CF1
u12CF2
u12CF3
u12CF4
u12CF5
u12CF6
u12CF7
u12CF8
u12CF9
u12CFA
u12CFB
u12CFC
u12CFD
u12CFE
u12CFF
u12D00
u12D01
u12D02
u12D03
u12D04
u12D05
u12D06
u12D07
u12D08
u12D09
u12D0A
u12D0B
u12D0C
u12D0D
u12D0E
u12D0F
u12D10
u12D11
u12D12
u12D13
u12D14
u12D15
u12D16
u12D17
u12D18
u12D19
u12D1A
u12D1B
u12D1C
u12D1D
u12D1E
u12D1F
u12D20
u12D21
u12D22
u12D23
u12D24
u12D25
u12D26
u12D27
u12D28
u12D29
u12D2A
u12D2B
u12D2C
u12D2D
u12D2E
u12D2F
u12D30
u12D31
u12D32
u12D33
u12D34
u12D35
u12D36
u12D37
u12D38
u12D39
u12D3A
u12D3B
u12D3C
u12D3D
u12D3E
u12D3F
u12D40
u12D41
u12D42
u12D43
u12D44
u12D45
u12D46
u12D47
u12D48
u12D49
u12D4A
u12D4B
u12D4C
u12D4D
u12D4E
u12D4F
u12D50
u12D51
u12D52
u12D53
u12D54
u12D55
u12D56
u12D57
u12D58
u12D59
u12D5A
u12D5B
u12D5C
u12D5D
u12D5E
u12D5F
u12D60
u12D61
u12D62
u12D63
u12D64
u12D65
u12D66
u12D67
u12D68
u12D69
u12D6A
u12D6B
u12D6C
u12D6D
u12D6E
u12D6F
u12D70
u12D71
u12D72
u12D73
u12D74
u12D75
u12D76
u12D77
u12D78
u12D79
u12D7A
u12D7B
u12D7C
u12D7D
u12D7E
u12D7F
u12D80
u12D81
u12D82
u12D83
u12D84
u12D85
u12D86
u12D87
u12D88
u12D89
u12D8A
u12D8B
u12D8C
u12D8D
u12D8E
u12D8F
u12D90
u12D91
u12D92
u12D93
u12D94
u12D95
u12D96
u12D97
u12D98
u12D99
u12D9A
u12D9B
u12D9C
u12D9D
u12D9E
u12D9F
u12DA0
u12DA1
u12DA2
u12DA3
u12DA4
u12DA5
u12DA6
u12DA7
u12DA8
u12DA9
u12DAA
u12DAB
u12DAC
u12DAD
u12DAE
u12DAF
u12DB0
u12DB1
u12DB2
u12DB3
u12DB4
u12DB5
u12DB6
u12DB7
u12DB8
u12DB9
u12DBA
u12DBB
u12DBC
u12DBD
u12DBE
u12DBF
u12DC0
u12DC1
u12DC2
u12DC3
u12DC4
u12DC5
u12DC6
u12DC7
u12DC8
u12DC9
u12DCA
u12DCB
u12DCC
u12DCD
u12DCE
u12DCF
u12DD0
u12DD1
u12DD2
u12DD3
u12DD4
u12DD5
u12DD6
u12DD7
u12DD8
u12DD9
u12DDA
u12DDB
u12DDC
u12DDD
u12DDE
u12DDF
u12DE0
u12DE1
u12DE2
u12DE3
u12DE4
u12DE5
u12DE6
u12DE7
u12DE8
u12DE9
u12DEA
u12DEB
u12DEC
u12DED
u12DEE
u12DEF
u12DF0
u12DF1
u12DF2
u12DF3
u12DF4
u12DF5
u12DF6
u12DF7
u12DF8
u12DF9
u12DFA
u12DFB
u12DFC
u12DFD
u12DFE
u12DFF
u12E00
u12E01
u12E02
u12E03
u12E04
u12E05
u12E06
u12E07
u12E08
u12E09
u12E0A
u12E0B
u12E0C
u12E0D
u12E0E
u12E0F
u12E10
uF005F
uF0060
uF0061
uF0062
uF0063
uF0064
uF0065
uF0066
uF0067
uF0068
uF0069
uF006A
uF006B
uF006C
uF006D
uF006E
uF006F
uF0070
uF0071
uF0072
uF0073
uF0074
uF0075
uF0076
uF0077
uF0078
uF0079
uF007A
uF007B
uF007C
uF007D
uF007E
uF007F
uF0080
uF0081
uF0082
uF0083
uF0084
uF0085
uF0086
uF0087
uF0088
uF0089
uF008A
uF008B
uF008C
uF008D
uF008E
uF008F
uF0090
uF0091
uF0092
uF0093
uF0094
uF0095
uF0096
uF0097
uF0098
uF0099
uF009A
uF009B
uF009C
uF009D
uF009E
uF009F
uF00A0
uF00A1
uF00A2
uF00A3
uF00A4
uF00A5
uF00A6
uF00A7
uF00A8
uF00A9
uF00AA
uF00AB
uF00AC
uF00AD
uF00AE
uF00AF
uF00B0
uF00B1
uF00B2
uF00B3
uF00B4
uF00B5
uF00B6
uF00B7
uF00B8
uF00B9
uF00BA
uF00BB
uF00BC
uF00BD
uF00BE
uF00BF
uF00C0
uF00C1
uF00C2
uF00C3
uF00C4
uF00C5
uF00C6
uF00C7
uF00C8
uF00C9
uF00CA
uF00CB
uF00CC
uF00CD
uF00CE
uF00CF
uF00D0
uF00D1
uF00D2
uF00D3
uF00D4
uF00D5
uF00D6
uF00D7
uF00D8
uF00D9
uF00DA
uF00DB
uF00DC
uF00DD
uF00DE
uF00DF
uF00E0
uF00E1
uF00E2
uF00E3
uF00E4
uF00E5
uF00E6
uF00E7
uF00E8
uF00E9
uF00EA
uF00EB
uF00EC
uF00ED
uF00EE
uF00EF
uF00F0
uF00F1
uF00F2
uF00F3
uF00F5
uF00F6
uF00F7
uF00F8
uF00F9
uF00FA
uF00FB
uF00FC
uF00FD
uF00FE
uF00FF
uF0100
uF0101
uF0102
uF0103
uF0104
uF0105
uF0106
uF0107
uF010A
uF010B
uF010C
uF010D
uF010E
uF010F
uF0110
uF0111
uF0112
uF0113
uF0114
uF0115
uF0116
uF0117
uF0118
uF0119
uF011A
uF011B
uF011C
uF011D
uF011E
uF011F
uF0120
uF0121
uF0122
uF0123
uF0124
uF0125
uF0126
uF0127
uF0128
uF0129
uF012A
uF012B
uF012C
uF012D
uF2580
uF2581
uF2582
uF2583
uF2584
uF2585
uF2586
uF2587
uF2588
uF2589
uF258A
uF258B
uF258D
uF258E
uF258F
uF2590
uF2591
uF2592
uF2593
uF2596
uF2597
uF2598
uF2599
uF259A
uF259B
uF259D
uF259E
uF259F
uF25A1
uF25A2
uF25A4
uF25A5
uF25A7
uF25A8
uF25A9
uF25AB
uF25AC
uF25AD
uF25AE
uF25B0
uF25B1
uF25B2
uF25B3
uF25B4
uF25B6
uF25B7
uF25B8
uF25B9
uF25BA
uF25BB
uF25BC
uF25BD
uF25BE
uF25BF
uF25C0
uF25C1
uF25C2
uF25C3
uF25C4
uF25C5
uF25C6
uF25C7
uF25CA
uF25CB
uF25CC
uF25CD
uF25CE
uF25CF
uF25D0
uF25D2
uF25D3
uF25D4
uF25D5
uF25D6
uF25D7
uF25D9
uF25DD
uF25E6
uF25E7
uF25E8
uF25EA
uF25EB
uF25EC
uF25ED
uF25EE
uF25EF
uF25F0
uF25F1
uF25F2
uF25F3
uF25F9
uF25FD
uF25FE
uF25FF
uF2600
uF2601
uF2602
uF2604
uF2606
uF2619
uF261B
uF261C
uF261D
uF261F
uF2620
uF2621
uF2622
uF2623
uF2624
uF2625
uF2626
uF2629
uF262B
uF262C
uF262D
uF262E
uF262F
uF2630
uF2631
uF2637
uF2638
uF2639
uF263A
uF263C
uF2641
uF2642
uF2643
uF2644
uF2645
uF2646
uF2647
uF264B
uF264C
uF264D
uF264E
uF264F
uF2650
uF2651
uF2652
uF2654
uF2655
uF2656
uF2657
uF2658
uF2659
uF265A
uF265B
uF265C
uF265E
uF2660
uF2661
uF2662
uF2663
uF2664
uF2665
uF2666
uF2673
uF2675
uF2690
uF2692
uF26A8
uF26BC
uF26CC
uF26CF
uF26D3
uF26E9
uF2704
uF2710
uF2716
uF271E
uF275E
uF27A9
uF27C3
uF27C4
uF27D0
uF27F5
uF2800
uF2812
uF2813
uF2821
uF2825
uF2859
uF2862
uF2867
uF2880
uF289E
uF28C3
uF28CC
uF28DD
uF28E7
uF28E8
uF28E9
uF28EA
uF28EB
uF28EC
uF28F1
uF28F9
uF2900
uF2960
uF2991
uF29A3
uF29A4
uF2A00
uF2A06
uF2A12
uF2A30
uF2A59
uF2A67
uF2AA5
uF2ACB
uF2AE3
uF2AF2
uF2C26
uF2C47
uF2C63
uF2C71
uF2C72
uF2C7C
uF2C82
uF2CD5
uF2CDF
uF2CE1
uF2CF0
uF2CFB
uF2D21
uF2D22
uF2D23
uF2D40
uF2D43
uF2D4B
uF2D51
uF2D7B
uF2D82
uF2D83
uF2D86
uF2D8B
uF2D8E
uF2DA3
uF2DA7
uF2DB1
uF2DBD
uF2DC1
uF2DC2
uF2DCA
uF2DCB
uF2DD1
uF2DE1
uF2DE3
uF2DFC
uF2E11
uF2E30
uF2E3B
uF2E3F
uF2E40
uF2E43
uF2E7D
uF2E86
uF2E89
uF2E95
uF2EBA
uF2EC6
uF3000
uF3002
uF3003
uF3004
uF3005
uF3006
uF3007
uF3008
uF3009
uF300A
uF300B
uF300C
uF300D
uF300E
uF300F
uF3010
uF3011
uF3012
uF3013
uF3015
uF3016
uF3017
uF3018
uF3019
uF301A
uF301B
uF301C
uF301D
uF3020
uF3021
uF3022
uF3023
uF3024
uF3025
uF3026
uF3027
uF3029
uF302A
uF302B
uF302C
uF302D
uF302E
uF302F
uF3030
uF3031
uF3032
uF3033
uF3034
uF3035
uF3036
uF3037
uF3039
uF303A
uF303B
uF303C
uF303D
uF303E
uF303F
uF3040
uF3041
uF3042
uF3043
uF3044
uF3045
uF3046
uF3047
uF3048
uF3049
uF304A
uF304B
uF304C
uF304D
uF304E
uF304F
uF3050
uF3051
uF3052
uF3053
uF3054
uF3055
uF3056
uF3057
uF3058
uF3059
uF305A
uF305B
uF305C
uF305D
uF305E
uF305F
uF3060
uF3061
uF3062
uF3063
uF3064
uF3065
uF3067
uF3068
uF3069
uF306A
uF306B
uF306C
uF306D
uF306E
uF306F
uF3070
uF3071
uF3072
uF3073
uF3074
uF3075
uF3076
uF3077
uF3078
uF3079
uF307B
uF307D
uF307E
uF3080
uF3081
uF3089
uF3090
uF3092
uF3094
uF3095
uF3099
uF309A
uF309C
uF309D
uF309E
uF309F
uF30A0
uF30A1
uF30A4
uF30A5
uF30A7
uF30A8
uF30A9
uF30AA
uF30AC
uF30AD
uF30AE
uF30AF
uF30B0
uF30B1
uF30B2
uF30B3
uF30B4
uF30B5
uF30B6
uF30B7
uF30B8
uF30B9
uF30BA
uF30BB
uF30BC
uF30BD
uF30BE
uF30C2
uF30C3
uF30C4
uF30C5
uF30C6
uF30C7
uF30C8
uF30C9
uF30CA
uF30CB
uF30CC
uF30CD
uF30CE
uF30CF
uF30D0
uF30D1
uF30D3
uF30D5
uF30D6
uF30D7
uF30D8
uF30D9
uF30DA
uF30DB
uF30DC
uF30DD
uF30DE
uF30DF
uF30E0
uF30E1
uF30E2
uF30E3
uF30E4
uF30E5
uF30E6
uF30E8
uF30E9
uF30EA
uF30EB
uF30ED
uF30EE
uF30EF
uF30F1
uF30F2
uF30F3
uF30F4
uF30F5
uF30F6
uF30F7
uF30F8
uF30F9
uF30FA
uF30FB
uF30FC
uF30FD
uF30FE
uF3100
uF3101
uF3102
uF3103
uF3104
uF3105
uF3106
uF3107
uF3108
uF3109
uF310A
uF310B
uF310C
uF310D
uF310E
uF310F
uF3110
uF3111
uF3112
uF3113
uF5500
uF5501
uFFFF9
uFFFFC
